---
driver=<class 'textual.drivers.linux_driver.LinuxDriver'>
Load() >>> MyApp(title='Textual')
Mount() >>> MyApp(title='Simple App')
Mount() >>> DockView(name='DockView#1')
Mount() >>> Header('')
Mount() >>> ScrollView(name='ScrollView#1')
Mount() >>> ScrollView(name='ScrollView#1')
Mount() >>> WindowView(name='WindowView#1')
TRANSLATING layout
WindowChange(WindowView(name='WindowView#1')) >>> ScrollView(name='ScrollView#1')
set_focus Static(name='Static#2')
WindowChange(WindowView(name='WindowView#1')) >>> ScrollView(name='ScrollView#1')
MouseDown(x=89, y=0, delta_x=120, delta_y=4, screen_x=120, screen_y=4) >>> Static(name='Static#2')
set_focus Static(name='Static#2')
set_focus Static(name='Static#2')
set_focus Static(name='Static#2')
MouseDown(x=70, y=6, delta_x=-19, delta_y=6, screen_x=101, screen_y=10) >>> Static(name='Static#2')
MouseDown(x=69, y=6, delta_x=-1, screen_x=100, screen_y=10) >>> Static(name='Static#2')
MouseDown(x=56, y=8, delta_x=-13, delta_y=2, screen_x=87, screen_y=12) >>> Static(name='Static#2')
set_focus Static(name='Static#2')
MouseDown(x=48, y=9, delta_x=-8, delta_y=1, screen_x=79, screen_y=13) >>> Static(name='Static#2')
set_focus Static(name='Static#2')
MouseDown(x=44, y=9, delta_x=-4, screen_x=75, screen_y=13) >>> Static(name='Static#2')
set_focus Static(name='Static#2')
MouseDown(x=42, y=9, delta_x=-2, screen_x=73, screen_y=13) >>> Static(name='Static#2')
set_focus Static(name='Static#2')
MouseDown(x=41, y=9, delta_x=-1, screen_x=72, screen_y=13) >>> Static(name='Static#2')
set_focus Static(name='Static#2')
MouseDown(x=38, y=9, delta_x=-3, screen_x=69, screen_y=13) >>> Static(name='Static#2')
set_focus Static(name='Static#2')
MouseDown(x=30, y=9, delta_x=-8, screen_x=61, screen_y=13) >>> Static(name='Static#2')
set_focus Static(name='Static#2')
MouseDown(x=24, y=9, delta_x=-6, screen_x=55, screen_y=13) >>> Static(name='Static#2')
set_focus Static(name='Static#2')
MouseDown(x=23, y=9, delta_x=-1, screen_x=54, screen_y=13) >>> Static(name='Static#2')
set_focus Static(name='Static#2')
MouseDown(x=22, y=9, delta_x=-1, screen_x=53, screen_y=13) >>> Static(name='Static#2')
set_focus Static(name='Static#2')
MouseDown(x=19, y=6, delta_x=-3, delta_y=-3, screen_x=50, screen_y=10) >>> Static(name='Static#2')
set_focus Static(name='Static#2')
MouseDown(x=16, y=4, delta_x=-3, delta_y=-2, screen_x=47, screen_y=8) >>> Static(name='Static#2')
set_focus Static(name='Static#2')
MouseDown(x=14, y=3, delta_x=-2, delta_y=-1, screen_x=45, screen_y=7) >>> Static(name='Static#2')
set_focus Static(name='Static#2')
MouseDown(x=11, y=3, delta_x=-3, screen_x=42, screen_y=7) >>> Static(name='Static#2')
set_focus Static(name='Static#2')
MouseDown(x=7, y=2, delta_x=-4, delta_y=-1, screen_x=38, screen_y=6) >>> Static(name='Static#2')
set_focus Static(name='Static#2')
MouseDown(x=2, y=2, delta_x=-5, screen_x=33, screen_y=6) >>> Static(name='Static#2')
set_focus Static(name='Static#2')
MouseDown(x=1, y=2, delta_x=-1, screen_x=32, screen_y=6) >>> Static(name='Static#2')
set_focus Static(name='Static#2')
MouseDown(x=0, y=2, delta_x=-1, screen_x=31, screen_y=6) >>> Static(name='Static#2')
set_focus Static(name='Static#2')
MouseDown(x=0, y=1, delta_y=-1, screen_x=31, screen_y=5) >>> Static(name='Static#2')
set_focus Static(name='Static#2')
MouseDown(x=1, y=1, delta_x=1, screen_x=32, screen_y=5) >>> Static(name='Static#2')
set_focus Static(name='Static#2')
MouseDown(x=1, y=0, delta_y=-1, screen_x=32, screen_y=4) >>> Static(name='Static#2')
set_focus Static(name='Static#2')
MouseDown(x=0, y=0, delta_x=-1, screen_x=31, screen_y=4) >>> Static(name='Static#2')
set_focus Static(name='Static#2')
MouseDown(x=7, y=1, delta_x=7, delta_y=1, screen_x=38, screen_y=5) >>> Static(name='Static#2')
set_focus Static(name='Static#2')
MouseDown(x=16, y=3, delta_x=9, delta_y=2, screen_x=47, screen_y=7) >>> Static(name='Static#2')
set_focus Static(name='Static#2')
MouseDown(x=22, y=4, delta_x=6, delta_y=1, screen_x=53, screen_y=8) >>> Static(name='Static#2')
set_focus Static(name='Static#2')
MouseDown(x=26, y=6, delta_x=4, delta_y=2, screen_x=57, screen_y=10) >>> Static(name='Static#2')
set_focus Static(name='Static#2')
MouseDown(x=30, y=7, delta_x=4, delta_y=1, screen_x=61, screen_y=11) >>> Static(name='Static#2')
set_focus Static(name='Static#2')
MouseDown(x=33, y=8, delta_x=3, delta_y=1, screen_x=64, screen_y=12) >>> Static(name='Static#2')
set_focus Static(name='Static#2')
MouseDown(x=35, y=8, delta_x=2, screen_x=66, screen_y=12) >>> Static(name='Static#2')
set_focus Static(name='Static#2')
MouseDown(x=36, y=9, delta_x=1, delta_y=1, screen_x=67, screen_y=13) >>> Static(name='Static#2')
set_focus Static(name='Static#2')
MouseDown(x=35, y=9, delta_x=-1, screen_x=66, screen_y=13) >>> Static(name='Static#2')
set_focus Static(name='Static#2')
MouseDown(x=35, y=8, delta_y=-1, screen_x=66, screen_y=12) >>> Static(name='Static#2')
set_focus Static(name='Static#2')
MouseDown(x=34, y=8, delta_x=-1, screen_x=65, screen_y=12) >>> Static(name='Static#2')
set_focus Static(name='Static#2')
MouseDown(x=33, y=8, delta_x=-1, screen_x=64, screen_y=12) >>> Static(name='Static#2')
set_focus Static(name='Static#2')
MouseDown(x=32, y=8, delta_x=-1, screen_x=63, screen_y=12) >>> Static(name='Static#2')
set_focus Static(name='Static#2')
MouseDown(x=31, y=7, delta_x=-1, delta_y=-1, screen_x=62, screen_y=11) >>> Static(name='Static#2')
set_focus Static(name='Static#2')
MouseDown(x=30, y=7, delta_x=-1, screen_x=61, screen_y=11) >>> Static(name='Static#2')
set_focus Static(name='Static#2')
MouseDown(x=29, y=7, delta_x=-1, screen_x=60, screen_y=11) >>> Static(name='Static#2')
set_focus Static(name='Static#2')
MouseDown(x=28, y=7, delta_x=-1, screen_x=59, screen_y=11) >>> Static(name='Static#2')
set_focus Static(name='Static#2')
MouseDown(x=27, y=7, delta_x=-1, screen_x=58, screen_y=11) >>> Static(name='Static#2')
set_focus Static(name='Static#2')
MouseDown(x=26, y=6, delta_x=-1, delta_y=-1, screen_x=57, screen_y=10) >>> Static(name='Static#2')
set_focus Static(name='Static#2')
MouseDown(x=25, y=6, delta_x=-1, screen_x=56, screen_y=10) >>> Static(name='Static#2')
set_focus Static(name='Static#2')
MouseDown(x=24, y=6, delta_x=-1, screen_x=55, screen_y=10) >>> Static(name='Static#2')
set_focus Static(name='Static#2')
MouseDown(x=23, y=6, delta_x=-1, screen_x=54, screen_y=10) >>> Static(name='Static#2')
set_focus Static(name='Static#2')
MouseDown(x=22, y=6, delta_x=-1, screen_x=53, screen_y=10) >>> Static(name='Static#2')
set_focus Static(name='Static#2')
MouseDown(x=21, y=6, delta_x=-1, screen_x=52, screen_y=10) >>> Static(name='Static#2')
set_focus Static(name='Static#2')
MouseDown(x=20, y=6, delta_x=-1, screen_x=51, screen_y=10) >>> Static(name='Static#2')
set_focus Static(name='Static#2')
MouseDown(x=20, y=5, delta_y=-1, screen_x=51, screen_y=9) >>> Static(name='Static#2')
set_focus Static(name='Static#2')
MouseDown(x=19, y=5, delta_x=-1, screen_x=50, screen_y=9) >>> Static(name='Static#2')
set_focus Static(name='Static#2')
MouseDown(x=18, y=5, delta_x=-1, screen_x=49, screen_y=9) >>> Static(name='Static#2')
set_focus Static(name='Static#2')
MouseDown(x=17, y=5, delta_x=-1, screen_x=48, screen_y=9) >>> Static(name='Static#2')
set_focus Static(name='Static#2')
MouseDown(x=16, y=5, delta_x=-1, screen_x=47, screen_y=9) >>> Static(name='Static#2')
set_focus Static(name='Static#2')
MouseDown(x=15, y=5, delta_x=-1, screen_x=46, screen_y=9) >>> Static(name='Static#2')
set_focus Static(name='Static#2')
MouseDown(x=14, y=5, delta_x=-1, screen_x=45, screen_y=9) >>> Static(name='Static#2')
set_focus Static(name='Static#2')
MouseDown(x=14, y=4, delta_y=-1, screen_x=45, screen_y=8) >>> Static(name='Static#2')
set_focus Static(name='Static#2')
MouseDown(x=13, y=4, delta_x=-1, screen_x=44, screen_y=8) >>> Static(name='Static#2')
set_focus Static(name='Static#2')
MouseDown(x=12, y=4, delta_x=-1, screen_x=43, screen_y=8) >>> Static(name='Static#2')
set_focus Static(name='Static#2')
MouseDown(x=11, y=4, delta_x=-1, screen_x=42, screen_y=8) >>> Static(name='Static#2')
set_focus Static(name='Static#2')
MouseDown(x=10, y=4, delta_x=-1, screen_x=41, screen_y=8) >>> Static(name='Static#2')
set_focus Static(name='Static#2')
MouseDown(x=9, y=4, delta_x=-1, screen_x=40, screen_y=8) >>> Static(name='Static#2')
set_focus Static(name='Static#2')
MouseDown(x=8, y=4, delta_x=-1, screen_x=39, screen_y=8) >>> Static(name='Static#2')
set_focus Static(name='Static#2')
MouseDown(x=7, y=4, delta_x=-1, screen_x=38, screen_y=8) >>> Static(name='Static#2')
set_focus Static(name='Static#2')
MouseDown(x=6, y=4, delta_x=-1, screen_x=37, screen_y=8) >>> Static(name='Static#2')
set_focus Static(name='Static#2')
MouseDown(x=5, y=4, delta_x=-1, screen_x=36, screen_y=8) >>> Static(name='Static#2')
set_focus Static(name='Static#2')
MouseDown(x=4, y=4, delta_x=-1, screen_x=35, screen_y=8) >>> Static(name='Static#2')
set_focus Static(name='Static#2')
MouseDown(x=3, y=4, delta_x=-1, screen_x=34, screen_y=8) >>> Static(name='Static#2')
set_focus Static(name='Static#2')
MouseDown(x=2, y=4, delta_x=-1, screen_x=33, screen_y=8) >>> Static(name='Static#2')
set_focus Static(name='Static#2')
MouseDown(x=1, y=4, delta_x=-1, screen_x=32, screen_y=8) >>> Static(name='Static#2')
set_focus Static(name='Static#2')
MouseDown(x=1, y=3, delta_y=-1, screen_x=32, screen_y=7) >>> Static(name='Static#2')
set_focus Static(name='Static#2')
MouseDown(x=0, y=3, delta_x=-1, screen_x=31, screen_y=7) >>> Static(name='Static#2')
set_focus Static(name='Static#2')
MouseDown(x=0, y=2, delta_y=-1, screen_x=31, screen_y=6) >>> Static(name='Static#2')
set_focus Static(name='Static#2')
MouseDown(x=0, y=2, screen_x=31, screen_y=6, button=1) >>> Static(name='Static#2')
MouseUp(x=0, y=2, screen_x=31, screen_y=6, button=1) >>> Static(name='Static#2')
Click(x=0, y=2, screen_x=31, screen_y=6, button=1) >>> Static(name='Static#2')
set_focus Static(name='Static#2')
MouseDown(x=0, y=2, screen_x=31, screen_y=6) >>> Static(name='Static#2')
set_focus Static(name='Static#2')
MouseDown(x=1, y=2, delta_x=1, screen_x=32, screen_y=6) >>> Static(name='Static#2')
set_focus Static(name='Static#2')
MouseDown(x=2, y=2, delta_x=1, screen_x=33, screen_y=6) >>> Static(name='Static#2')
set_focus Static(name='Static#2')
MouseDown(x=3, y=2, delta_x=1, screen_x=34, screen_y=6) >>> Static(name='Static#2')
set_focus Static(name='Static#2')
MouseDown(x=4, y=2, delta_x=1, screen_x=35, screen_y=6) >>> Static(name='Static#2')
set_focus Static(name='Static#2')
MouseDown(x=5, y=2, delta_x=1, screen_x=36, screen_y=6) >>> Static(name='Static#2')
set_focus Static(name='Static#2')
MouseDown(x=6, y=2, delta_x=1, screen_x=37, screen_y=6) >>> Static(name='Static#2')
set_focus Static(name='Static#2')
MouseDown(x=7, y=2, delta_x=1, screen_x=38, screen_y=6) >>> Static(name='Static#2')
set_focus Static(name='Static#2')
MouseDown(x=7, y=2, screen_x=38, screen_y=6, button=1) >>> Static(name='Static#2')
MouseUp(x=7, y=2, screen_x=38, screen_y=6, button=1) >>> Static(name='Static#2')
Click(x=7, y=2, screen_x=38, screen_y=6, button=1) >>> Static(name='Static#2')
set_focus Static(name='Static#2')
MouseDown(x=7, y=3, delta_y=1, screen_x=38, screen_y=7) >>> Static(name='Static#2')
set_focus Static(name='Static#2')
MouseDown(x=8, y=4, delta_x=1, delta_y=1, screen_x=39, screen_y=8) >>> Static(name='Static#2')
set_focus Static(name='Static#2')
MouseDown(x=8, y=5, delta_y=1, screen_x=39, screen_y=9) >>> Static(name='Static#2')
set_focus Static(name='Static#2')
MouseDown(x=8, y=6, delta_y=1, screen_x=39, screen_y=10) >>> Static(name='Static#2')
set_focus Static(name='Static#2')
MouseDown(x=9, y=6, delta_x=1, screen_x=40, screen_y=10) >>> Static(name='Static#2')
set_focus Static(name='Static#2')
MouseDown(x=9, y=7, delta_y=1, screen_x=40, screen_y=11) >>> Static(name='Static#2')
set_focus Static(name='Static#2')
MouseDown(x=9, y=8, delta_y=1, screen_x=40, screen_y=12) >>> Static(name='Static#2')
set_focus Static(name='Static#2')
MouseDown(x=9, y=9, delta_y=1, screen_x=40, screen_y=13) >>> Static(name='Static#2')
set_focus Static(name='Static#2')
MouseDown(x=10, y=9, delta_x=1, screen_x=41, screen_y=13) >>> Static(name='Static#2')
set_focus Static(name='Static#2')
MouseDown(x=10, y=10, delta_y=1, screen_x=41, screen_y=14) >>> Static(name='Static#2')
set_focus Static(name='Static#2')
MouseDown(x=11, y=10, delta_x=1, screen_x=42, screen_y=14) >>> Static(name='Static#2')
set_focus Static(name='Static#2')
MouseDown(x=11, y=11, delta_y=1, screen_x=42, screen_y=15) >>> Static(name='Static#2')
set_focus Static(name='Static#2')
MouseDown(x=11, y=12, delta_y=1, screen_x=42, screen_y=16) >>> Static(name='Static#2')
set_focus Static(name='Static#2')
MouseDown(x=12, y=12, delta_x=1, screen_x=43, screen_y=16) >>> Static(name='Static#2')
set_focus Static(name='Static#2')
MouseDown(x=11, y=12, delta_x=-1, screen_x=42, screen_y=16) >>> Static(name='Static#2')
set_focus Static(name='Static#2')
MouseDown(x=10, y=12, delta_x=-1, screen_x=41, screen_y=16) >>> Static(name='Static#2')
set_focus Static(name='Static#2')
MouseDown(x=10, y=11, delta_y=-1, screen_x=41, screen_y=15) >>> Static(name='Static#2')
set_focus Static(name='Static#2')
MouseDown(x=9, y=11, delta_x=-1, screen_x=40, screen_y=15) >>> Static(name='Static#2')
set_focus Static(name='Static#2')
MouseDown(x=9, y=11, screen_x=40, screen_y=15, button=1) >>> Static(name='Static#2')
MouseUp(x=9, y=11, screen_x=40, screen_y=15, button=1) >>> Static(name='Static#2')
Click(x=9, y=11, screen_x=40, screen_y=15, button=1) >>> Static(name='Static#2')
set_focus Static(name='Static#2')
MouseDown(x=9, y=11, screen_x=40, screen_y=15) >>> Static(name='Static#2')
set_focus Static(name='Static#2')
MouseDown(x=10, y=11, delta_x=1, screen_x=41, screen_y=15) >>> Static(name='Static#2')
set_focus Static(name='Static#2')
MouseDown(x=11, y=11, delta_x=1, screen_x=42, screen_y=15) >>> Static(name='Static#2')
set_focus Static(name='Static#2')
MouseDown(x=12, y=11, delta_x=1, screen_x=43, screen_y=15) >>> Static(name='Static#2')
set_focus Static(name='Static#2')
MouseDown(x=13, y=11, delta_x=1, screen_x=44, screen_y=15) >>> Static(name='Static#2')
set_focus Static(name='Static#2')
MouseDown(x=14, y=11, delta_x=1, screen_x=45, screen_y=15) >>> Static(name='Static#2')
set_focus Static(name='Static#2')
MouseDown(x=15, y=11, delta_x=1, screen_x=46, screen_y=15) >>> Static(name='Static#2')
set_focus Static(name='Static#2')
MouseDown(x=16, y=11, delta_x=1, screen_x=47, screen_y=15) >>> Static(name='Static#2')
set_focus Static(name='Static#2')
MouseDown(x=17, y=11, delta_x=1, screen_x=48, screen_y=15) >>> Static(name='Static#2')
set_focus Static(name='Static#2')
MouseDown(x=18, y=11, delta_x=1, screen_x=49, screen_y=15) >>> Static(name='Static#2')
set_focus Static(name='Static#2')
MouseDown(x=19, y=11, delta_x=1, screen_x=50, screen_y=15) >>> Static(name='Static#2')
set_focus Static(name='Static#2')
MouseDown(x=20, y=11, delta_x=1, screen_x=51, screen_y=15) >>> Static(name='Static#2')
set_focus Static(name='Static#2')
MouseDown(x=21, y=11, delta_x=1, screen_x=52, screen_y=15) >>> Static(name='Static#2')
set_focus Static(name='Static#2')
MouseDown(x=24, y=11, delta_x=3, screen_x=55, screen_y=15) >>> Static(name='Static#2')
MouseScrollUp() >>> ScrollView(name='ScrollView#1')
MouseScrollUp() >>> ScrollView(name='ScrollView#1')
MouseScrollUp() >>> ScrollView(name='ScrollView#1')
set_focus Static(name='Static#2')
MouseDown(x=24, y=16, delta_y=1, screen_x=55) >>> Static(name='Static#2')
MouseScrollUp() >>> ScrollView(name='ScrollView#1')
MouseScrollUp() >>> ScrollView(name='ScrollView#1')
MouseScrollUp() >>> ScrollView(name='ScrollView#1')
MouseScrollUp() >>> ScrollView(name='ScrollView#1')
MouseScrollUp() >>> ScrollView(name='ScrollView#1')
MouseScrollUp() >>> ScrollView(name='ScrollView#1')
MouseScrollUp() >>> ScrollView(name='ScrollView#1')
MouseScrollUp() >>> ScrollView(name='ScrollView#1')
MouseScrollUp() >>> ScrollView(name='ScrollView#1')
MouseScrollUp() >>> ScrollView(name='ScrollView#1')
MouseScrollUp() >>> ScrollView(name='ScrollView#1')
MouseScrollUp() >>> ScrollView(name='ScrollView#1')
MouseScrollUp() >>> ScrollView(name='ScrollView#1')
set_focus Static(name='Static#2')
MouseDown(x=27, y=36, delta_x=3, screen_x=58, screen_y=16) >>> Static(name='Static#2')
set_focus Static(name='Static#2')
MouseDown(x=44, y=35, delta_x=17, delta_y=-1, screen_x=75, screen_y=15) >>> Static(name='Static#2')
set_focus Static(name='Static#2')
MouseDown(x=76, y=35, delta_x=32, screen_x=107, screen_y=15) >>> Static(name='Static#2')
set_focus Static(name='Static#2')
MouseDown(x=107, y=34, delta_x=31, delta_y=-1, screen_x=138, screen_y=14) >>> Static(name='Static#2')
set_focus Static(name='Static#2')
set_focus Static(name='Static#2')
MouseDown(x=126, y=32, delta_x=19, delta_y=-2, screen_x=157, screen_y=12) >>> Static(name='Static#2')
MouseDown(x=139, y=30, delta_x=13, delta_y=-2, screen_x=170, screen_y=10) >>> Static(name='Static#2')
set_focus Static(name='Static#2')
MouseDown(x=146, y=27, delta_x=7, delta_y=-3, screen_x=177, screen_y=7) >>> Static(name='Static#2')
set_focus Static(name='Static#2')
set_focus Static(name='Static#2')
MouseDown(x=155, y=25, delta_x=9, delta_y=-2, screen_x=186, screen_y=5) >>> Static(name='Static#2')
MouseDown(x=156, y=24, delta_x=1, delta_y=-1, screen_x=187, screen_y=4) >>> Static(name='Static#2')
set_focus Static(name='Static#2')
MouseDown(x=171, y=23, delta_x=15, delta_y=-1, screen_x=202, screen_y=3) >>> Static(name='Static#2')
set_focus Header('Simple App')
set_focus Header('Simple App')
MouseDown(x=213, y=2, delta_x=11, delta_y=-1) >>> Header('Simple App')
MouseDown(x=224, y=2, delta_x=11) >>> Header('Simple App')
set_focus ScrollBar(virtual_size=396, window_size=26, position=24)
MouseDown(x=0, y=11, delta_x=1, delta_y=1, screen_x=227, screen_y=14) >>> ScrollBar(virtual_size=396, window_size=26, position=24)
set_focus ScrollBar(virtual_size=396, window_size=26, position=24)
MouseDown(x=0, y=12, delta_y=1, screen_x=227, screen_y=15) >>> ScrollBar(virtual_size=396, window_size=26, position=24)
set_focus ScrollBar(virtual_size=396, window_size=26, position=24)
MouseDown(x=0, y=13, delta_y=1, screen_x=227, screen_y=16) >>> ScrollBar(virtual_size=396, window_size=26, position=24)
set_focus ScrollBar(virtual_size=396, window_size=26, position=24)
MouseDown(x=0, y=14, delta_y=1, screen_x=227, screen_y=17) >>> ScrollBar(virtual_size=396, window_size=26, position=24)
set_focus ScrollBar(virtual_size=396, window_size=26, position=24)
MouseDown(x=0, y=15, delta_y=1, screen_x=227, screen_y=18) >>> ScrollBar(virtual_size=396, window_size=26, position=24)
set_focus ScrollBar(virtual_size=396, window_size=26, position=24)
MouseDown(x=0, y=16, delta_y=1, screen_x=227, screen_y=19) >>> ScrollBar(virtual_size=396, window_size=26, position=24)
set_focus ScrollBar(virtual_size=396, window_size=26, position=24)
MouseDown(x=0, y=16, screen_x=227, screen_y=19, button=1) >>> ScrollBar(virtual_size=396, window_size=26, position=24)
MouseUp(x=0, y=16, screen_x=227, screen_y=19, button=1) >>> ScrollBar(virtual_size=396, window_size=26, position=24)
MouseUp(x=0, y=16, screen_x=227, screen_y=19, button=1) >>> ScrollBar(virtual_size=396, window_size=26, position=24)
set_focus ScrollBar(virtual_size=396, window_size=26, position=24)
MouseDown(x=0, y=16, screen_x=227, screen_y=19) >>> ScrollBar(virtual_size=396, window_size=26, position=24)
set_focus ScrollBar(virtual_size=396, window_size=26, position=24)
MouseDown(x=0, y=15, delta_y=-1, screen_x=227, screen_y=18) >>> ScrollBar(virtual_size=396, window_size=26, position=24)
set_focus ScrollBar(virtual_size=396, window_size=26, position=24)
MouseDown(x=0, y=12, delta_y=-3, screen_x=227, screen_y=15) >>> ScrollBar(virtual_size=396, window_size=26, position=24)
set_focus Static(name='Static#2')
MouseDown(x=194, y=23, delta_x=-1, delta_y=-1, screen_x=225, screen_y=3) >>> Static(name='Static#2')
set_focus ScrollBar(virtual_size=396, window_size=26, position=24)
MouseDown(x=0, y=2, delta_x=1, delta_y=1, screen_x=227, screen_y=5) >>> ScrollBar(virtual_size=396, window_size=26, position=24)
ACTION ScrollBar(virtual_size=396, window_size=26, position=24) grab
MouseCapture(Offset(x=227, y=5)) >>> ScrollBar(virtual_size=396, window_size=26, position=24)
set_focus ScrollBar(virtual_size=396, window_size=26, position=24)
MouseDown(x=0, y=2, screen_x=227, screen_y=5, button=1) >>> ScrollBar(virtual_size=396, window_size=26, position=24)
ACTION ScrollBar(virtual_size=396, window_size=26, position=24) grab
Enter() >>> ScrollBar(virtual_size=396, window_size=26, position=24)
ScrollTo(y=39) >>> ScrollView(name='ScrollView#1')
ScrollTo(y=54) >>> ScrollView(name='ScrollView#1')
ScrollTo(y=70) >>> ScrollView(name='ScrollView#1')
ScrollTo(y=100) >>> ScrollView(name='ScrollView#1')
ScrollTo(y=115) >>> ScrollView(name='ScrollView#1')
ScrollTo(y=131) >>> ScrollView(name='ScrollView#1')
ScrollTo(y=146) >>> ScrollView(name='ScrollView#1')
ScrollTo(y=161) >>> ScrollView(name='ScrollView#1')
ScrollTo(y=192) >>> ScrollView(name='ScrollView#1')
ScrollTo(y=207) >>> ScrollView(name='ScrollView#1')
ScrollTo(y=222) >>> ScrollView(name='ScrollView#1')
ScrollTo(y=252) >>> ScrollView(name='ScrollView#1')
ScrollTo(y=268) >>> ScrollView(name='ScrollView#1')
MouseUp(x=0, y=18, screen_x=227, screen_y=21, button=1) >>> ScrollBar(virtual_size=396, window_size=26, position=268)
MouseUp(x=0, y=18, screen_x=227, screen_y=21, button=1) >>> ScrollBar(virtual_size=396, window_size=26, position=268)
ACTION ScrollBar(virtual_size=396, window_size=26, position=268) release
MouseRelease(Offset(x=227, y=21)) >>> ScrollBar(virtual_size=396, window_size=26, position=268)
set_focus Static(name='Static#2')
MouseDown(x=194, y=285, delta_x=-1, screen_x=225, screen_y=21) >>> Static(name='Static#2')
set_focus Static(name='Static#2')
MouseDown(x=193, y=285, delta_x=-1, screen_x=224, screen_y=21) >>> Static(name='Static#2')
set_focus Static(name='Static#2')
MouseDown(x=192, y=285, delta_x=-1, screen_x=223, screen_y=21) >>> Static(name='Static#2')
set_focus Static(name='Static#2')
MouseDown(x=191, y=285, delta_x=-1, screen_x=222, screen_y=21) >>> Static(name='Static#2')
set_focus Static(name='Static#2')
MouseDown(x=190, y=285, delta_x=-1, screen_x=221, screen_y=21) >>> Static(name='Static#2')
set_focus Static(name='Static#2')
MouseDown(x=189, y=285, delta_x=-1, screen_x=220, screen_y=21) >>> Static(name='Static#2')
set_focus Static(name='Static#2')
MouseDown(x=188, y=284, delta_x=-1, delta_y=-1, screen_x=219, screen_y=20) >>> Static(name='Static#2')
set_focus Static(name='Static#2')
MouseDown(x=187, y=284, delta_x=-1, screen_x=218, screen_y=20) >>> Static(name='Static#2')
set_focus Static(name='Static#2')
MouseDown(x=186, y=284, delta_x=-1, screen_x=217, screen_y=20) >>> Static(name='Static#2')
set_focus Static(name='Static#2')
MouseDown(x=190, y=282, delta_x=4, delta_y=-2, screen_x=221, screen_y=18) >>> Static(name='Static#2')
set_focus ScrollBar(virtual_size=396, window_size=26, position=268)
MouseDown(x=0, y=11, delta_x=6, delta_y=-4, screen_x=227, screen_y=14) >>> ScrollBar(virtual_size=396, window_size=26, position=268)
set_focus ScrollBar(virtual_size=396, window_size=26, position=268)
MouseDown(x=0, y=5, delta_y=-6, screen_x=227, screen_y=8) >>> ScrollBar(virtual_size=396, window_size=26, position=268)
set_focus ScrollBar(virtual_size=396, window_size=26, position=268)
MouseDown(x=0, y=5, screen_x=227, screen_y=8, button=1) >>> ScrollBar(virtual_size=396, window_size=26, position=268)
Leave() >>> ScrollBar(virtual_size=396, window_size=26, position=268)
Enter() >>> ScrollBar(virtual_size=396, window_size=26, position=268)
MouseUp(x=0, y=12, screen_x=227, screen_y=15, button=1) >>> ScrollBar(virtual_size=396, window_size=26, position=268)
MouseUp(x=0, y=12, screen_x=227, screen_y=15, button=1) >>> ScrollBar(virtual_size=396, window_size=26, position=268)
set_focus ScrollBar(virtual_size=396, window_size=26, position=268)
MouseDown(x=0, y=12, screen_x=227, screen_y=15) >>> ScrollBar(virtual_size=396, window_size=26, position=268)
set_focus ScrollBar(virtual_size=396, window_size=26, position=268)
MouseDown(x=0, y=11, delta_y=-1, screen_x=227, screen_y=14) >>> ScrollBar(virtual_size=396, window_size=26, position=268)
set_focus ScrollBar(virtual_size=396, window_size=26, position=268)
MouseDown(x=0, y=10, delta_y=-1, screen_x=227, screen_y=13) >>> ScrollBar(virtual_size=396, window_size=26, position=268)
set_focus Static(name='Static#2')
MouseDown(x=192, y=278, delta_x=-4, delta_y=1, screen_x=223, screen_y=14) >>> Static(name='Static#2')
set_focus Static(name='Static#2')
MouseDown(x=188, y=278, delta_x=-4, screen_x=219, screen_y=14) >>> Static(name='Static#2')
set_focus Static(name='Static#2')
MouseDown(x=187, y=278, delta_x=-1, screen_x=218, screen_y=14) >>> Static(name='Static#2')
set_focus Static(name='Static#2')
MouseDown(x=190, y=278, delta_x=3, screen_x=221, screen_y=14) >>> Static(name='Static#2')
set_focus Static(name='Static#2')
MouseDown(x=191, y=278, delta_x=1, screen_x=222, screen_y=14) >>> Static(name='Static#2')
set_focus Static(name='Static#2')
MouseDown(x=192, y=278, delta_x=1, screen_x=223, screen_y=14) >>> Static(name='Static#2')
set_focus Static(name='Static#2')
MouseDown(x=193, y=278, delta_x=1, screen_x=224, screen_y=14) >>> Static(name='Static#2')
set_focus Static(name='Static#2')
MouseDown(x=194, y=278, delta_x=1, screen_x=225, screen_y=14) >>> Static(name='Static#2')
set_focus ScrollBar(virtual_size=396, window_size=26, position=268)
MouseDown(x=0, y=10, delta_x=1, screen_x=227, screen_y=13) >>> ScrollBar(virtual_size=396, window_size=26, position=268)
set_focus ScrollBar(virtual_size=396, window_size=26, position=268)
MouseDown(x=0, y=9, delta_y=-1, screen_x=227, screen_y=12) >>> ScrollBar(virtual_size=396, window_size=26, position=268)
set_focus ScrollBar(virtual_size=396, window_size=26, position=268)
MouseDown(x=0, y=8, delta_y=-1, screen_x=227, screen_y=11) >>> ScrollBar(virtual_size=396, window_size=26, position=268)
set_focus ScrollBar(virtual_size=396, window_size=26, position=268)
MouseDown(x=0, y=9, delta_y=1, screen_x=227, screen_y=12) >>> ScrollBar(virtual_size=396, window_size=26, position=268)
set_focus ScrollBar(virtual_size=396, window_size=26, position=268)
MouseDown(x=0, y=9, screen_x=227, screen_y=12, button=1) >>> ScrollBar(virtual_size=396, window_size=26, position=268)
MouseUp(x=0, y=13, screen_x=227, screen_y=16, button=1) >>> ScrollBar(virtual_size=396, window_size=26, position=268)
MouseUp(x=0, y=13, screen_x=227, screen_y=16, button=1) >>> ScrollBar(virtual_size=396, window_size=26, position=268)
set_focus ScrollBar(virtual_size=396, window_size=26, position=268)
MouseDown(x=0, y=12, delta_y=-1, screen_x=227, screen_y=15) >>> ScrollBar(virtual_size=396, window_size=26, position=268)
set_focus ScrollBar(virtual_size=396, window_size=26, position=268)
MouseDown(x=0, y=11, delta_y=-1, screen_x=227, screen_y=14) >>> ScrollBar(virtual_size=396, window_size=26, position=268)
set_focus ScrollBar(virtual_size=396, window_size=26, position=268)
MouseDown(x=0, y=13, delta_x=1, delta_y=-1, screen_x=227, screen_y=16) >>> ScrollBar(virtual_size=396, window_size=26, position=268)
set_focus ScrollBar(virtual_size=396, window_size=26, position=268)
MouseDown(x=0, y=12, delta_y=-1, screen_x=227, screen_y=15) >>> ScrollBar(virtual_size=396, window_size=26, position=268)
set_focus ScrollBar(virtual_size=396, window_size=26, position=268)
MouseDown(x=0, y=12, screen_x=227, screen_y=15, button=1) >>> ScrollBar(virtual_size=396, window_size=26, position=268)
MouseUp(x=0, y=17, screen_x=227, screen_y=20, button=1) >>> ScrollBar(virtual_size=396, window_size=26, position=268)
MouseUp(x=0, y=17, screen_x=227, screen_y=20, button=1) >>> ScrollBar(virtual_size=396, window_size=26, position=268)
ACTION ScrollBar(virtual_size=396, window_size=26, position=268) release
set_focus ScrollBar(virtual_size=396, window_size=26, position=268)
MouseDown(x=0, y=17, screen_x=227, screen_y=20) >>> ScrollBar(virtual_size=396, window_size=26, position=268)
ACTION ScrollBar(virtual_size=396, window_size=26, position=268) grab
MouseCapture(Offset(x=227, y=20)) >>> ScrollBar(virtual_size=396, window_size=26, position=268)
set_focus ScrollBar(virtual_size=396, window_size=26, position=268)
MouseDown(x=0, y=16, delta_y=-1, screen_x=227, screen_y=19) >>> ScrollBar(virtual_size=396, window_size=26, position=268)
set_focus ScrollBar(virtual_size=396, window_size=26, position=268)
MouseDown(x=0, y=15, delta_y=-1, screen_x=227, screen_y=18) >>> ScrollBar(virtual_size=396, window_size=26, position=268)
set_focus ScrollBar(virtual_size=396, window_size=26, position=268)
MouseDown(x=0, y=14, delta_y=-1, screen_x=227, screen_y=17) >>> ScrollBar(virtual_size=396, window_size=26, position=268)
set_focus ScrollBar(virtual_size=396, window_size=26, position=268)
MouseDown(x=0, y=18, delta_y=4, screen_x=227, screen_y=21) >>> ScrollBar(virtual_size=396, window_size=26, position=268)
ACTION ScrollBar(virtual_size=396, window_size=26, position=268) grab
set_focus ScrollBar(virtual_size=396, window_size=26, position=268)
MouseDown(x=0, y=17, delta_y=-1, screen_x=227, screen_y=20) >>> ScrollBar(virtual_size=396, window_size=26, position=268)
ACTION ScrollBar(virtual_size=396, window_size=26, position=268) grab
set_focus ScrollBar(virtual_size=396, window_size=26, position=268)
MouseDown(x=0, y=16, delta_y=-1, screen_x=227, screen_y=19) >>> ScrollBar(virtual_size=396, window_size=26, position=268)
set_focus ScrollBar(virtual_size=396, window_size=26, position=268)
MouseDown(x=0, y=15, delta_y=-1, screen_x=227, screen_y=18) >>> ScrollBar(virtual_size=396, window_size=26, position=268)
set_focus ScrollBar(virtual_size=396, window_size=26, position=268)
MouseDown(x=0, y=14, delta_y=-1, screen_x=227, screen_y=17) >>> ScrollBar(virtual_size=396, window_size=26, position=268)
set_focus ScrollBar(virtual_size=396, window_size=26, position=268)
MouseDown(x=0, y=14, screen_x=227, screen_y=17, button=1) >>> ScrollBar(virtual_size=396, window_size=26, position=268)
ScrollTo(y=238) >>> ScrollView(name='ScrollView#1')
ScrollTo(y=253) >>> ScrollView(name='ScrollView#1')
ScrollTo(y=268) >>> ScrollView(name='ScrollView#1')
MouseUp(x=0, y=17, screen_x=227, screen_y=20, button=1) >>> ScrollBar(virtual_size=396, window_size=26, position=268)
MouseUp(x=0, y=17, screen_x=227, screen_y=20, button=1) >>> ScrollBar(virtual_size=396, window_size=26, position=268)
ACTION ScrollBar(virtual_size=396, window_size=26, position=268) release
MouseRelease(Offset(x=227, y=20)) >>> ScrollBar(virtual_size=396, window_size=26, position=268)
set_focus ScrollBar(virtual_size=396, window_size=26, position=268)
MouseDown(x=0, y=17, screen_x=227, screen_y=20) >>> ScrollBar(virtual_size=396, window_size=26, position=268)
ACTION ScrollBar(virtual_size=396, window_size=26, position=268) grab
MouseCapture(Offset(x=227, y=20)) >>> ScrollBar(virtual_size=396, window_size=26, position=268)
set_focus ScrollBar(virtual_size=396, window_size=26, position=268)
MouseDown(x=-1, y=17, delta_x=-1, screen_x=226, screen_y=20) >>> ScrollBar(virtual_size=396, window_size=26, position=268)
set_focus ScrollBar(virtual_size=396, window_size=26, position=268)
MouseDown(x=-2, y=17, delta_x=-1, screen_x=225, screen_y=20) >>> ScrollBar(virtual_size=396, window_size=26, position=268)
set_focus ScrollBar(virtual_size=396, window_size=26, position=268)
MouseDown(x=-8, y=17, delta_x=-6, screen_x=219, screen_y=20) >>> ScrollBar(virtual_size=396, window_size=26, position=268)
set_focus ScrollBar(virtual_size=396, window_size=26, position=268)
MouseDown(x=-19, y=17, delta_x=-11, screen_x=208, screen_y=20) >>> ScrollBar(virtual_size=396, window_size=26, position=268)
set_focus ScrollBar(virtual_size=396, window_size=26, position=268)
MouseDown(x=-28, y=16, delta_x=-9, delta_y=-1, screen_x=199, screen_y=19) >>> ScrollBar(virtual_size=396, window_size=26, position=268)
set_focus ScrollBar(virtual_size=396, window_size=26, position=268)
MouseDown(x=-32, y=16, delta_x=-4, screen_x=195, screen_y=19) >>> ScrollBar(virtual_size=396, window_size=26, position=268)
set_focus ScrollBar(virtual_size=396, window_size=26, position=268)
MouseDown(x=-33, y=16, delta_x=-1, screen_x=194, screen_y=19) >>> ScrollBar(virtual_size=396, window_size=26, position=268)
set_focus ScrollBar(virtual_size=396, window_size=26, position=268)
MouseDown(x=-35, y=16, delta_x=-2, screen_x=192, screen_y=19) >>> ScrollBar(virtual_size=396, window_size=26, position=268)
set_focus ScrollBar(virtual_size=396, window_size=26, position=268)
MouseDown(x=-38, y=16, delta_x=-3, screen_x=189, screen_y=19) >>> ScrollBar(virtual_size=396, window_size=26, position=268)
set_focus ScrollBar(virtual_size=396, window_size=26, position=268)
MouseDown(x=-40, y=16, delta_x=-2, screen_x=187, screen_y=19) >>> ScrollBar(virtual_size=396, window_size=26, position=268)
set_focus ScrollBar(virtual_size=396, window_size=26, position=268)
MouseDown(x=-43, y=16, delta_x=-3, screen_x=184, screen_y=19) >>> ScrollBar(virtual_size=396, window_size=26, position=268)
set_focus ScrollBar(virtual_size=396, window_size=26, position=268)
MouseDown(x=-47, y=16, delta_x=-4, screen_x=180, screen_y=19) >>> ScrollBar(virtual_size=396, window_size=26, position=268)
set_focus ScrollBar(virtual_size=396, window_size=26, position=268)
MouseDown(x=-49, y=16, delta_x=-2, screen_x=178, screen_y=19) >>> ScrollBar(virtual_size=396, window_size=26, position=268)
set_focus ScrollBar(virtual_size=396, window_size=26, position=268)
MouseDown(x=-51, y=17, delta_x=-2, delta_y=1, screen_x=176, screen_y=20) >>> ScrollBar(virtual_size=396, window_size=26, position=268)
set_focus ScrollBar(virtual_size=396, window_size=26, position=268)
MouseDown(x=-52, y=17, delta_x=-1, screen_x=175, screen_y=20) >>> ScrollBar(virtual_size=396, window_size=26, position=268)
set_focus ScrollBar(virtual_size=396, window_size=26, position=268)
MouseDown(x=-53, y=17, delta_x=-1, screen_x=174, screen_y=20) >>> ScrollBar(virtual_size=396, window_size=26, position=268)
set_focus ScrollBar(virtual_size=396, window_size=26, position=268)
MouseDown(x=-54, y=17, delta_x=-1, screen_x=173, screen_y=20) >>> ScrollBar(virtual_size=396, window_size=26, position=268)
set_focus ScrollBar(virtual_size=396, window_size=26, position=268)
MouseDown(x=-55, y=17, delta_x=-1, screen_x=172, screen_y=20) >>> ScrollBar(virtual_size=396, window_size=26, position=268)
MouseScrollUp() >>> ScrollView(name='ScrollView#1')
set_focus ScrollBar(virtual_size=396, window_size=26, position=270)
MouseDown(x=-56, y=17, delta_x=-1, screen_x=171, screen_y=20) >>> ScrollBar(virtual_size=396, window_size=26, position=270)
set_focus ScrollBar(virtual_size=396, window_size=26, position=266)
MouseDown(x=-57, y=17, delta_x=-1, screen_x=170, screen_y=20) >>> ScrollBar(virtual_size=396, window_size=26, position=266)
set_focus ScrollBar(virtual_size=396, window_size=26, position=265)
MouseDown(x=-58, y=17, delta_x=-1, screen_x=169, screen_y=20) >>> ScrollBar(virtual_size=396, window_size=26, position=265)
set_focus ScrollBar(virtual_size=396, window_size=26, position=265)
MouseDown(x=-56, y=17, delta_x=2, screen_x=171, screen_y=20) >>> ScrollBar(virtual_size=396, window_size=26, position=265)
set_focus ScrollBar(virtual_size=396, window_size=26, position=265)
MouseDown(x=-44, y=18, delta_x=12, delta_y=1, screen_x=183, screen_y=21) >>> ScrollBar(virtual_size=396, window_size=26, position=265)
set_focus ScrollBar(virtual_size=396, window_size=26, position=265)
MouseDown(x=-25, y=19, delta_x=19, delta_y=1, screen_x=202, screen_y=22) >>> ScrollBar(virtual_size=396, window_size=26, position=265)
set_focus ScrollBar(virtual_size=396, window_size=26, position=265)
MouseDown(x=-3, y=20, delta_x=22, delta_y=1, screen_x=224, screen_y=23) >>> ScrollBar(virtual_size=396, window_size=26, position=265)
set_focus ScrollBar(virtual_size=396, window_size=26, position=265)
MouseDown(x=0, y=17, delta_x=3, delta_y=-3, screen_x=227, screen_y=20) >>> ScrollBar(virtual_size=396, window_size=26, position=265)
ACTION ScrollBar(virtual_size=396, window_size=26, position=265) grab
set_focus ScrollBar(virtual_size=396, window_size=26, position=265)
MouseDown(x=0, y=17, screen_x=227, screen_y=20, button=1) >>> ScrollBar(virtual_size=396, window_size=26, position=265)
ACTION ScrollBar(virtual_size=396, window_size=26, position=265) grab
MouseUp(x=0, y=17, screen_x=227, screen_y=20, button=1) >>> ScrollBar(virtual_size=396, window_size=26, position=265)
MouseUp(x=0, y=17, screen_x=227, screen_y=20, button=1) >>> ScrollBar(virtual_size=396, window_size=26, position=265)
ACTION ScrollBar(virtual_size=396, window_size=26, position=265) release
MouseRelease(Offset(x=227, y=20)) >>> ScrollBar(virtual_size=396, window_size=26, position=265)
set_focus Static(name='Static#2')
MouseDown(x=185, y=276, delta_x=-11, delta_y=-5, screen_x=216, screen_y=15) >>> Static(name='Static#2')
set_focus Static(name='Static#2')
MouseDown(x=184, y=276, delta_x=-1, screen_x=215, screen_y=15) >>> Static(name='Static#2')
set_focus Static(name='Static#2')
MouseDown(x=183, y=276, delta_x=-1, screen_x=214, screen_y=15) >>> Static(name='Static#2')
set_focus Static(name='Static#2')
MouseDown(x=182, y=275, delta_x=-1, delta_y=-1, screen_x=213, screen_y=14) >>> Static(name='Static#2')
set_focus Static(name='Static#2')
MouseDown(x=181, y=275, delta_x=-1, screen_x=212, screen_y=14) >>> Static(name='Static#2')
set_focus Static(name='Static#2')
MouseDown(x=180, y=275, delta_x=-1, screen_x=211, screen_y=14) >>> Static(name='Static#2')
set_focus Static(name='Static#2')
MouseDown(x=179, y=274, delta_x=-1, delta_y=-1, screen_x=210, screen_y=13) >>> Static(name='Static#2')
set_focus Static(name='Static#2')
MouseDown(x=178, y=274, delta_x=-1, screen_x=209, screen_y=13) >>> Static(name='Static#2')
set_focus Static(name='Static#2')
MouseDown(x=177, y=274, delta_x=-1, screen_x=208, screen_y=13) >>> Static(name='Static#2')
set_focus Static(name='Static#2')
MouseDown(x=177, y=273, delta_y=-1, screen_x=208, screen_y=12) >>> Static(name='Static#2')
set_focus Static(name='Static#2')
MouseDown(x=176, y=273, delta_x=-1, screen_x=207, screen_y=12) >>> Static(name='Static#2')
set_focus Static(name='Static#2')
MouseDown(x=175, y=273, delta_x=-1, screen_x=206, screen_y=12) >>> Static(name='Static#2')
set_focus Static(name='Static#2')
MouseDown(x=174, y=273, delta_x=-1, screen_x=205, screen_y=12) >>> Static(name='Static#2')
set_focus Static(name='Static#2')
MouseDown(x=173, y=273, delta_x=-1, screen_x=204, screen_y=12) >>> Static(name='Static#2')
set_focus Static(name='Static#2')
MouseDown(x=172, y=273, delta_x=-1, screen_x=203, screen_y=12) >>> Static(name='Static#2')
set_focus Static(name='Static#2')
MouseDown(x=171, y=273, delta_x=-1, screen_x=202, screen_y=12) >>> Static(name='Static#2')
set_focus Static(name='Static#2')
MouseDown(x=170, y=272, delta_x=-1, delta_y=-1, screen_x=201, screen_y=11) >>> Static(name='Static#2')
set_focus Static(name='Static#2')
MouseDown(x=169, y=272, delta_x=-1, screen_x=200, screen_y=11) >>> Static(name='Static#2')
set_focus Static(name='Static#2')
MouseDown(x=168, y=272, delta_x=-1, screen_x=199, screen_y=11) >>> Static(name='Static#2')
set_focus Static(name='Static#2')
MouseDown(x=167, y=272, delta_x=-1, screen_x=198, screen_y=11) >>> Static(name='Static#2')
set_focus Static(name='Static#2')
MouseDown(x=166, y=272, delta_x=-1, screen_x=197, screen_y=11) >>> Static(name='Static#2')
set_focus Static(name='Static#2')
MouseDown(x=165, y=272, delta_x=-1, screen_x=196, screen_y=11) >>> Static(name='Static#2')
set_focus Static(name='Static#2')
MouseDown(x=164, y=272, delta_x=-1, screen_x=195, screen_y=11) >>> Static(name='Static#2')
set_focus Static(name='Static#2')
MouseDown(x=164, y=273, delta_y=1, screen_x=195, screen_y=12) >>> Static(name='Static#2')
set_focus Static(name='Static#2')
MouseDown(x=163, y=273, delta_x=-1, screen_x=194, screen_y=12) >>> Static(name='Static#2')
set_focus Static(name='Static#2')
MouseDown(x=162, y=273, delta_x=-1, screen_x=193, screen_y=12) >>> Static(name='Static#2')
set_focus Static(name='Static#2')
MouseDown(x=161, y=273, delta_x=-1, screen_x=192, screen_y=12) >>> Static(name='Static#2')
set_focus Static(name='Static#2')
MouseDown(x=160, y=273, delta_x=-1, screen_x=191, screen_y=12) >>> Static(name='Static#2')
set_focus Static(name='Static#2')
MouseDown(x=159, y=273, delta_x=-1, screen_x=190, screen_y=12) >>> Static(name='Static#2')
set_focus Static(name='Static#2')
MouseDown(x=158, y=273, delta_x=-1, screen_x=189, screen_y=12) >>> Static(name='Static#2')
set_focus Static(name='Static#2')
MouseDown(x=157, y=273, delta_x=-1, screen_x=188, screen_y=12) >>> Static(name='Static#2')
set_focus Static(name='Static#2')
MouseDown(x=156, y=273, delta_x=-1, screen_x=187, screen_y=12) >>> Static(name='Static#2')
set_focus Static(name='Static#2')
MouseDown(x=155, y=273, delta_x=-1, screen_x=186, screen_y=12) >>> Static(name='Static#2')
set_focus Static(name='Static#2')
MouseDown(x=154, y=273, delta_x=-1, screen_x=185, screen_y=12) >>> Static(name='Static#2')
set_focus Static(name='Static#2')
MouseDown(x=153, y=273, delta_x=-1, screen_x=184, screen_y=12) >>> Static(name='Static#2')
set_focus Static(name='Static#2')
MouseDown(x=153, y=272, delta_y=-1, screen_x=184, screen_y=11) >>> Static(name='Static#2')
set_focus Static(name='Static#2')
MouseDown(x=152, y=272, delta_x=-1, screen_x=183, screen_y=11) >>> Static(name='Static#2')
set_focus Static(name='Static#2')
MouseDown(x=151, y=272, delta_x=-1, screen_x=182, screen_y=11) >>> Static(name='Static#2')
set_focus Static(name='Static#2')
MouseDown(x=150, y=272, delta_x=-1, screen_x=181, screen_y=11) >>> Static(name='Static#2')
set_focus Static(name='Static#2')
MouseDown(x=149, y=272, delta_x=-1, screen_x=180, screen_y=11) >>> Static(name='Static#2')
set_focus Static(name='Static#2')
MouseDown(x=148, y=271, delta_x=-1, delta_y=-1, screen_x=179, screen_y=10) >>> Static(name='Static#2')
set_focus Static(name='Static#2')
MouseDown(x=147, y=271, delta_x=-1, screen_x=178, screen_y=10) >>> Static(name='Static#2')
set_focus Static(name='Static#2')
MouseDown(x=146, y=271, delta_x=-1, screen_x=177, screen_y=10) >>> Static(name='Static#2')
set_focus Static(name='Static#2')
MouseDown(x=145, y=271, delta_x=-1, screen_x=176, screen_y=10) >>> Static(name='Static#2')
set_focus Static(name='Static#2')
MouseDown(x=144, y=271, delta_x=-1, screen_x=175, screen_y=10) >>> Static(name='Static#2')
set_focus Static(name='Static#2')
MouseDown(x=143, y=270, delta_x=-1, delta_y=-1, screen_x=174, screen_y=9) >>> Static(name='Static#2')
set_focus Static(name='Static#2')
MouseDown(x=142, y=270, delta_x=-1, screen_x=173, screen_y=9) >>> Static(name='Static#2')
set_focus Static(name='Static#2')
MouseDown(x=141, y=270, delta_x=-1, screen_x=172, screen_y=9) >>> Static(name='Static#2')
set_focus Static(name='Static#2')
MouseDown(x=140, y=270, delta_x=-1, screen_x=171, screen_y=9) >>> Static(name='Static#2')
set_focus Static(name='Static#2')
MouseDown(x=140, y=269, delta_y=-1, screen_x=171, screen_y=8) >>> Static(name='Static#2')
set_focus Static(name='Static#2')
MouseDown(x=139, y=269, delta_x=-1, screen_x=170, screen_y=8) >>> Static(name='Static#2')
set_focus Static(name='Static#2')
MouseDown(x=138, y=269, delta_x=-1, screen_x=169, screen_y=8) >>> Static(name='Static#2')
set_focus Static(name='Static#2')
MouseDown(x=137, y=269, delta_x=-1, screen_x=168, screen_y=8) >>> Static(name='Static#2')
set_focus Static(name='Static#2')
MouseDown(x=136, y=269, delta_x=-1, screen_x=167, screen_y=8) >>> Static(name='Static#2')
set_focus Static(name='Static#2')
MouseDown(x=135, y=269, delta_x=-1, screen_x=166, screen_y=8) >>> Static(name='Static#2')
set_focus Static(name='Static#2')
MouseDown(x=134, y=268, delta_x=-1, delta_y=-1, screen_x=165, screen_y=7) >>> Static(name='Static#2')
set_focus Static(name='Static#2')
MouseDown(x=133, y=268, delta_x=-1, screen_x=164, screen_y=7) >>> Static(name='Static#2')
set_focus Static(name='Static#2')
MouseDown(x=132, y=268, delta_x=-1, screen_x=163, screen_y=7) >>> Static(name='Static#2')
set_focus Static(name='Static#2')
MouseDown(x=131, y=268, delta_x=-1, screen_x=162, screen_y=7) >>> Static(name='Static#2')
set_focus Static(name='Static#2')
MouseDown(x=130, y=268, delta_x=-1, screen_x=161, screen_y=7) >>> Static(name='Static#2')
set_focus Static(name='Static#2')
MouseDown(x=129, y=267, delta_x=-1, delta_y=-1, screen_x=160, screen_y=6) >>> Static(name='Static#2')
set_focus Static(name='Static#2')
MouseDown(x=128, y=267, delta_x=-1, screen_x=159, screen_y=6) >>> Static(name='Static#2')
set_focus Static(name='Static#2')
MouseDown(x=127, y=267, delta_x=-1, screen_x=158, screen_y=6) >>> Static(name='Static#2')
set_focus Static(name='Static#2')
MouseDown(x=126, y=267, delta_x=-1, screen_x=157, screen_y=6) >>> Static(name='Static#2')
set_focus Static(name='Static#2')
MouseDown(x=125, y=267, delta_x=-1, screen_x=156, screen_y=6) >>> Static(name='Static#2')
set_focus Static(name='Static#2')
MouseDown(x=124, y=266, delta_x=-1, delta_y=-1, screen_x=155, screen_y=5) >>> Static(name='Static#2')
set_focus Static(name='Static#2')
MouseDown(x=123, y=266, delta_x=-1, screen_x=154, screen_y=5) >>> Static(name='Static#2')
set_focus Static(name='Static#2')
MouseDown(x=122, y=266, delta_x=-1, screen_x=153, screen_y=5) >>> Static(name='Static#2')
set_focus Static(name='Static#2')
MouseDown(x=121, y=266, delta_x=-1, screen_x=152, screen_y=5) >>> Static(name='Static#2')
set_focus Static(name='Static#2')
MouseDown(x=120, y=266, delta_x=-1, screen_x=151, screen_y=5) >>> Static(name='Static#2')
set_focus Static(name='Static#2')
MouseDown(x=119, y=265, delta_x=-1, delta_y=-1, screen_x=150, screen_y=4) >>> Static(name='Static#2')
set_focus Static(name='Static#2')
MouseDown(x=118, y=265, delta_x=-1, screen_x=149, screen_y=4) >>> Static(name='Static#2')
set_focus Static(name='Static#2')
MouseDown(x=119, y=265, delta_x=1, screen_x=150, screen_y=4) >>> Static(name='Static#2')
set_focus Static(name='Static#2')
MouseDown(x=119, y=264, delta_y=-1, screen_x=150, screen_y=3) >>> Static(name='Static#2')
set_focus Static(name='Static#2')
MouseDown(x=120, y=264, delta_x=1, screen_x=151, screen_y=3) >>> Static(name='Static#2')
set_focus Header('Simple App')
MouseDown(x=152, y=2, delta_x=1, delta_y=-1) >>> Header('Simple App')
set_focus Header('Simple App')
MouseDown(x=153, y=2, delta_x=1) >>> Header('Simple App')
set_focus Header('Simple App')
MouseDown(x=153, y=1, delta_y=-1) >>> Header('Simple App')
set_focus Header('Simple App')
MouseDown(x=153, y=1, button=1) >>> Header('Simple App')
MouseUp(x=153, y=1, button=1) >>> Header('Simple App')
Click(x=153, y=1, button=1) >>> Header('Simple App')
Click(x=153, y=1, button=1) >>> Header('Simple App')
WindowChange(WindowView(name='WindowView#1')) >>> ScrollView(name='ScrollView#1')
set_focus Static(name='Static#2')
MouseDown(x=122, y=264, screen_x=153, screen_y=1) >>> Static(name='Static#2')
set_focus Static(name='Static#2')
MouseDown(x=121, y=267, delta_x=-1, delta_y=3, screen_x=152, screen_y=4) >>> Static(name='Static#2')
set_focus Static(name='Static#2')
MouseDown(x=119, y=271, delta_x=-2, delta_y=4, screen_x=150, screen_y=8) >>> Static(name='Static#2')
set_focus Static(name='Static#2')
MouseDown(x=116, y=275, delta_x=-3, delta_y=4, screen_x=147, screen_y=12) >>> Static(name='Static#2')
set_focus Static(name='Static#2')
MouseDown(x=114, y=278, delta_x=-2, delta_y=3, screen_x=145, screen_y=15) >>> Static(name='Static#2')
set_focus Static(name='Static#2')
MouseDown(x=113, y=279, delta_x=-1, delta_y=1, screen_x=144, screen_y=16) >>> Static(name='Static#2')
set_focus Static(name='Static#2')
MouseDown(x=110, y=280, delta_x=-3, delta_y=1, screen_x=141, screen_y=17) >>> Static(name='Static#2')
set_focus Static(name='Static#2')
MouseDown(x=106, y=281, delta_x=-4, delta_y=1, screen_x=137, screen_y=18) >>> Static(name='Static#2')
set_focus Static(name='Static#2')
MouseDown(x=105, y=282, delta_x=-1, delta_y=1, screen_x=136, screen_y=19) >>> Static(name='Static#2')
set_focus Static(name='Static#2')
MouseDown(x=104, y=282, delta_x=-1, screen_x=135, screen_y=19) >>> Static(name='Static#2')
set_focus Static(name='Static#2')
MouseDown(x=102, y=283, delta_x=-2, delta_y=1, screen_x=133, screen_y=20) >>> Static(name='Static#2')
set_focus Static(name='Static#2')
MouseDown(x=100, y=283, delta_x=-2, screen_x=131, screen_y=20) >>> Static(name='Static#2')
set_focus Static(name='Static#2')
MouseDown(x=97, y=284, delta_x=-3, delta_y=1, screen_x=128, screen_y=21) >>> Static(name='Static#2')
set_focus Static(name='Static#2')
MouseDown(x=96, y=284, delta_x=-1, screen_x=127, screen_y=21) >>> Static(name='Static#2')
set_focus Static(name='Static#2')
MouseDown(x=95, y=284, delta_x=-1, screen_x=126, screen_y=21) >>> Static(name='Static#2')
set_focus Static(name='Static#2')
MouseDown(x=94, y=284, delta_x=-1, screen_x=125, screen_y=21) >>> Static(name='Static#2')
set_focus Static(name='Static#2')
MouseDown(x=89, y=283, delta_x=-5, delta_y=-1, screen_x=120, screen_y=20) >>> Static(name='Static#2')
set_focus Static(name='Static#2')
MouseDown(x=88, y=283, delta_x=-1, screen_x=119, screen_y=20) >>> Static(name='Static#2')
set_focus Static(name='Static#2')
MouseDown(x=87, y=283, delta_x=-1, screen_x=118, screen_y=20) >>> Static(name='Static#2')
set_focus Static(name='Static#2')
MouseDown(x=86, y=283, delta_x=-1, screen_x=117, screen_y=20) >>> Static(name='Static#2')
set_focus Static(name='Static#2')
MouseDown(x=85, y=283, delta_x=-1, screen_x=116, screen_y=20) >>> Static(name='Static#2')
set_focus Static(name='Static#2')
MouseDown(x=84, y=283, delta_x=-1, screen_x=115, screen_y=20) >>> Static(name='Static#2')
set_focus Static(name='Static#2')
MouseDown(x=84, y=282, delta_y=-1, screen_x=115, screen_y=19) >>> Static(name='Static#2')
set_focus Static(name='Static#2')
MouseDown(x=84, y=283, delta_y=1, screen_x=115, screen_y=20) >>> Static(name='Static#2')
set_focus Static(name='Static#2')
MouseDown(x=83, y=283, delta_x=-1, screen_x=114, screen_y=20) >>> Static(name='Static#2')
set_focus Static(name='Static#2')
MouseDown(x=82, y=283, delta_x=-1, screen_x=113, screen_y=20) >>> Static(name='Static#2')
set_focus Static(name='Static#2')
MouseDown(x=81, y=284, delta_x=-1, delta_y=1, screen_x=112, screen_y=21) >>> Static(name='Static#2')
set_focus Static(name='Static#2')
MouseDown(x=80, y=284, delta_x=-1, screen_x=111, screen_y=21) >>> Static(name='Static#2')
set_focus Static(name='Static#2')
MouseDown(x=79, y=285, delta_x=-1, delta_y=1, screen_x=110, screen_y=22) >>> Static(name='Static#2')
set_focus Static(name='Static#2')
MouseDown(x=78, y=285, delta_x=-1, screen_x=109, screen_y=22) >>> Static(name='Static#2')
set_focus Static(name='Static#2')
MouseDown(x=77, y=286, delta_x=-1, delta_y=1, screen_x=108, screen_y=23) >>> Static(name='Static#2')
set_focus Static(name='Static#2')
MouseDown(x=76, y=286, delta_x=-1, screen_x=107, screen_y=23) >>> Static(name='Static#2')
set_focus Static(name='Static#2')
MouseDown(x=75, y=286, delta_x=-1, screen_x=106, screen_y=23) >>> Static(name='Static#2')
set_focus Static(name='Static#2')
MouseDown(x=74, y=286, delta_x=-1, screen_x=105, screen_y=23) >>> Static(name='Static#2')
set_focus Static(name='Static#2')
MouseDown(x=74, y=287, delta_y=1, screen_x=105, screen_y=24) >>> Static(name='Static#2')
set_focus Static(name='Static#2')
MouseDown(x=73, y=287, delta_x=-1, screen_x=104, screen_y=24) >>> Static(name='Static#2')
set_focus Static(name='Static#2')
MouseDown(x=72, y=287, delta_x=-1, screen_x=103, screen_y=24) >>> Static(name='Static#2')
set_focus Static(name='Static#2')
MouseDown(x=71, y=287, delta_x=-1, screen_x=102, screen_y=24) >>> Static(name='Static#2')
set_focus Static(name='Static#2')
MouseDown(x=70, y=287, delta_x=-1, screen_x=101, screen_y=24) >>> Static(name='Static#2')
set_focus Static(name='Static#2')
MouseDown(x=69, y=287, delta_x=-1, screen_x=100, screen_y=24) >>> Static(name='Static#2')
set_focus Static(name='Static#2')
MouseDown(x=69, y=288, delta_y=1, screen_x=100, screen_y=25) >>> Static(name='Static#2')
set_focus Static(name='Static#2')
MouseDown(x=68, y=288, delta_x=-1, screen_x=99, screen_y=25) >>> Static(name='Static#2')
set_focus Static(name='Static#2')
MouseDown(x=67, y=288, delta_x=-1, screen_x=98, screen_y=25) >>> Static(name='Static#2')
set_focus Static(name='Static#2')
MouseDown(x=66, y=288, delta_x=-1, screen_x=97, screen_y=25) >>> Static(name='Static#2')
set_focus Static(name='Static#2')
MouseDown(x=65, y=288, delta_x=-1, screen_x=96, screen_y=25) >>> Static(name='Static#2')
set_focus Static(name='Static#2')
MouseDown(x=64, y=288, delta_x=-1, screen_x=95, screen_y=25) >>> Static(name='Static#2')
set_focus Static(name='Static#2')
MouseDown(x=63, y=288, delta_x=-1, screen_x=94, screen_y=25) >>> Static(name='Static#2')
set_focus Static(name='Static#2')
MouseDown(x=62, y=288, delta_x=-1, screen_x=93, screen_y=25) >>> Static(name='Static#2')
set_focus Static(name='Static#2')
MouseDown(x=61, y=289, delta_x=-1, delta_y=1, screen_x=92, screen_y=26) >>> Static(name='Static#2')
set_focus Static(name='Static#2')
MouseDown(x=60, y=289, delta_x=-1, screen_x=91, screen_y=26) >>> Static(name='Static#2')
set_focus Static(name='Static#2')
MouseDown(x=59, y=289, delta_x=-1, screen_x=90, screen_y=26) >>> Static(name='Static#2')
set_focus Static(name='Static#2')
MouseDown(x=58, y=289, delta_x=-1, screen_x=89, screen_y=26) >>> Static(name='Static#2')
set_focus Static(name='Static#2')
MouseDown(x=57, y=289, delta_x=-1, screen_x=88, screen_y=26) >>> Static(name='Static#2')
set_focus Static(name='Static#2')
MouseDown(x=56, y=289, delta_x=-1, screen_x=87, screen_y=26) >>> Static(name='Static#2')
set_focus Static(name='Static#2')
MouseDown(x=55, y=289, delta_x=-1, screen_x=86, screen_y=26) >>> Static(name='Static#2')
set_focus Static(name='Static#2')
MouseDown(x=54, y=289, delta_x=-1, screen_x=85, screen_y=26) >>> Static(name='Static#2')
set_focus Static(name='Static#2')
MouseDown(x=53, y=289, delta_x=-1, screen_x=84, screen_y=26) >>> Static(name='Static#2')
set_focus Static(name='Static#2')
MouseDown(x=53, y=290, delta_y=1, screen_x=84, screen_y=27) >>> Static(name='Static#2')
set_focus Static(name='Static#2')
MouseDown(x=52, y=290, delta_x=-1, screen_x=83, screen_y=27) >>> Static(name='Static#2')
set_focus Static(name='Static#2')
MouseDown(x=51, y=290, delta_x=-1, screen_x=82, screen_y=27) >>> Static(name='Static#2')
set_focus Static(name='Static#2')
MouseDown(x=50, y=290, delta_x=-1, screen_x=81, screen_y=27) >>> Static(name='Static#2')
set_focus Static(name='Static#2')
MouseDown(x=49, y=290, delta_x=-1, screen_x=80, screen_y=27) >>> Static(name='Static#2')
set_focus Static(name='Static#2')
MouseDown(x=48, y=290, delta_x=-1, screen_x=79, screen_y=27) >>> Static(name='Static#2')
set_focus Static(name='Static#2')
MouseDown(x=47, y=290, delta_x=-1, screen_x=78, screen_y=27) >>> Static(name='Static#2')
set_focus Static(name='Static#2')
MouseDown(x=46, y=290, delta_x=-1, screen_x=77, screen_y=27) >>> Static(name='Static#2')
set_focus Static(name='Static#2')
MouseDown(x=45, y=291, delta_x=-1, delta_y=1, screen_x=76, screen_y=28) >>> Static(name='Static#2')
set_focus Static(name='Static#2')
MouseDown(x=44, y=291, delta_x=-1, screen_x=75, screen_y=28) >>> Static(name='Static#2')
set_focus Static(name='Static#2')
MouseDown(x=43, y=291, delta_x=-1, screen_x=74, screen_y=28) >>> Static(name='Static#2')
set_focus Static(name='Static#2')
MouseDown(x=42, y=291, delta_x=-1, screen_x=73, screen_y=28) >>> Static(name='Static#2')
set_focus Static(name='Static#2')
MouseDown(x=41, y=291, delta_x=-1, screen_x=72, screen_y=28) >>> Static(name='Static#2')
set_focus Static(name='Static#2')
MouseDown(x=40, y=291, delta_x=-1, screen_x=71, screen_y=28) >>> Static(name='Static#2')
set_focus Footer(keys=[])
MouseDown(x=71, y=0, delta_y=1, screen_y=29) >>> Footer(keys=[])
set_focus Footer(keys=[])
MouseDown(x=70, y=0, delta_x=-1, screen_y=29) >>> Footer(keys=[])
set_focus Footer(keys=[])
MouseDown(x=69, y=0, delta_x=-1, screen_y=29) >>> Footer(keys=[])
set_focus Footer(keys=[])
MouseDown(x=68, y=0, delta_x=-1, screen_y=29) >>> Footer(keys=[])
set_focus Footer(keys=[])
MouseDown(x=70, y=0, delta_x=2, screen_y=29) >>> Footer(keys=[])
set_focus Footer(keys=[])
MouseDown(x=71, y=0, delta_x=1, screen_y=29) >>> Footer(keys=[])
set_focus Footer(keys=[])
MouseDown(x=72, y=0, delta_x=1, screen_y=29) >>> Footer(keys=[])
set_focus Footer(keys=[])
MouseDown(x=72, y=0, screen_y=29, button=1) >>> Footer(keys=[])
MouseUp(x=72, y=0, screen_y=29, button=1) >>> Footer(keys=[])
Click(x=72, y=0, screen_y=29, button=1) >>> Footer(keys=[])
set_focus Footer(keys=[])
MouseDown(x=72, y=0, screen_y=29) >>> Footer(keys=[])
set_focus Footer(keys=[])
MouseDown(x=71, y=0, delta_x=-1, screen_y=29) >>> Footer(keys=[])
set_focus Footer(keys=[])
MouseDown(x=70, y=0, delta_x=-1, screen_y=29) >>> Footer(keys=[])
set_focus Footer(keys=[])
MouseDown(x=69, y=0, delta_x=-1, screen_y=29) >>> Footer(keys=[])
set_focus Footer(keys=[])
MouseDown(x=68, y=0, delta_x=-1, screen_y=29) >>> Footer(keys=[])
set_focus Footer(keys=[])
MouseDown(x=67, y=0, delta_x=-1, screen_y=29) >>> Footer(keys=[])
set_focus Footer(keys=[])
MouseDown(x=66, y=0, delta_x=-1, screen_y=29) >>> Footer(keys=[])
set_focus Footer(keys=[])
MouseDown(x=65, y=0, delta_x=-1, screen_y=29) >>> Footer(keys=[])
set_focus Footer(keys=[])
MouseDown(x=64, y=0, delta_x=-1, screen_y=29) >>> Footer(keys=[])
set_focus Footer(keys=[])
MouseDown(x=63, y=0, delta_x=-1, screen_y=29) >>> Footer(keys=[])
set_focus Footer(keys=[])
MouseDown(x=62, y=0, delta_x=-1, screen_y=29) >>> Footer(keys=[])
set_focus Footer(keys=[])
MouseDown(x=61, y=0, delta_x=-1, screen_y=29) >>> Footer(keys=[])
set_focus Footer(keys=[])
MouseDown(x=60, y=0, delta_x=-1, screen_y=29) >>> Footer(keys=[])
set_focus Footer(keys=[])
MouseDown(x=59, y=0, delta_x=-1, screen_y=29) >>> Footer(keys=[])
set_focus Static(name='Static#2')
MouseDown(x=27, y=291, delta_x=-1, delta_y=-1, screen_x=58, screen_y=28) >>> Static(name='Static#2')
set_focus Static(name='Static#2')
MouseDown(x=26, y=291, delta_x=-1, screen_x=57, screen_y=28) >>> Static(name='Static#2')
set_focus Static(name='Static#2')
MouseDown(x=25, y=291, delta_x=-1, screen_x=56, screen_y=28) >>> Static(name='Static#2')
set_focus Static(name='Static#2')
MouseDown(x=24, y=291, delta_x=-1, screen_x=55, screen_y=28) >>> Static(name='Static#2')
set_focus Static(name='Static#2')
MouseDown(x=23, y=291, delta_x=-1, screen_x=54, screen_y=28) >>> Static(name='Static#2')
set_focus Static(name='Static#2')
MouseDown(x=22, y=291, delta_x=-1, screen_x=53, screen_y=28) >>> Static(name='Static#2')
set_focus Static(name='Static#2')
MouseDown(x=21, y=290, delta_x=-1, delta_y=-1, screen_x=52, screen_y=27) >>> Static(name='Static#2')
set_focus Static(name='Static#2')
MouseDown(x=20, y=290, delta_x=-1, screen_x=51, screen_y=27) >>> Static(name='Static#2')
set_focus Static(name='Static#2')
MouseDown(x=19, y=290, delta_x=-1, screen_x=50, screen_y=27) >>> Static(name='Static#2')
set_focus Static(name='Static#2')
MouseDown(x=18, y=290, delta_x=-1, screen_x=49, screen_y=27) >>> Static(name='Static#2')
set_focus Static(name='Static#2')
MouseDown(x=17, y=290, delta_x=-1, screen_x=48, screen_y=27) >>> Static(name='Static#2')
set_focus Static(name='Static#2')
MouseDown(x=16, y=290, delta_x=-1, screen_x=47, screen_y=27) >>> Static(name='Static#2')
set_focus Static(name='Static#2')
MouseDown(x=16, y=289, delta_y=-1, screen_x=47, screen_y=26) >>> Static(name='Static#2')
set_focus Static(name='Static#2')
MouseDown(x=15, y=289, delta_x=-1, screen_x=46, screen_y=26) >>> Static(name='Static#2')
set_focus Static(name='Static#2')
MouseDown(x=14, y=289, delta_x=-1, screen_x=45, screen_y=26) >>> Static(name='Static#2')
set_focus Static(name='Static#2')
MouseDown(x=13, y=289, delta_x=-1, screen_x=44, screen_y=26) >>> Static(name='Static#2')
set_focus Static(name='Static#2')
MouseDown(x=12, y=289, delta_x=-1, screen_x=43, screen_y=26) >>> Static(name='Static#2')
set_focus Static(name='Static#2')
MouseDown(x=11, y=289, delta_x=-1, screen_x=42, screen_y=26) >>> Static(name='Static#2')
set_focus Static(name='Static#2')
MouseDown(x=10, y=289, delta_x=-1, screen_x=41, screen_y=26) >>> Static(name='Static#2')
set_focus Static(name='Static#2')
MouseDown(x=9, y=289, delta_x=-1, screen_x=40, screen_y=26) >>> Static(name='Static#2')
set_focus Static(name='Static#2')
MouseDown(x=8, y=289, delta_x=-1, screen_x=39, screen_y=26) >>> Static(name='Static#2')
set_focus Static(name='Static#2')
MouseDown(x=7, y=289, delta_x=-1, screen_x=38, screen_y=26) >>> Static(name='Static#2')
set_focus Static(name='Static#2')
MouseDown(x=6, y=289, delta_x=-1, screen_x=37, screen_y=26) >>> Static(name='Static#2')
set_focus Static(name='Static#2')
MouseDown(x=5, y=289, delta_x=-1, screen_x=36, screen_y=26) >>> Static(name='Static#2')
set_focus Static(name='Static#2')
MouseDown(x=4, y=289, delta_x=-1, screen_x=35, screen_y=26) >>> Static(name='Static#2')
set_focus Static(name='Static#2')
MouseDown(x=4, y=288, delta_y=-1, screen_x=35, screen_y=25) >>> Static(name='Static#2')
set_focus Static(name='Static#2')
MouseDown(x=3, y=288, delta_x=-1, screen_x=34, screen_y=25) >>> Static(name='Static#2')
set_focus Static(name='Static#2')
MouseDown(x=2, y=288, delta_x=-1, screen_x=33, screen_y=25) >>> Static(name='Static#2')
set_focus Static(name='Static#2')
MouseDown(x=1, y=288, delta_x=-1, screen_x=32, screen_y=25) >>> Static(name='Static#2')
set_focus Static(name='Static#2')
MouseDown(x=0, y=288, delta_x=-1, screen_x=31, screen_y=25) >>> Static(name='Static#2')
set_focus Placeholder(name='Placeholder#1')
Focus() >>> Placeholder(name='Placeholder#1')
MouseDown(x=29, y=23, delta_x=-1, screen_y=24) >>> Placeholder(name='Placeholder#1', has_focus=True)
set_focus Placeholder(name='Placeholder#1', has_focus=True)
MouseDown(x=28, y=23, delta_x=-1, screen_y=24) >>> Placeholder(name='Placeholder#1', has_focus=True)
set_focus Placeholder(name='Placeholder#1', has_focus=True)
MouseDown(x=27, y=23, delta_x=-1, screen_y=24) >>> Placeholder(name='Placeholder#1', has_focus=True)
set_focus Placeholder(name='Placeholder#1', has_focus=True)
MouseDown(x=27, y=22, delta_y=-1, screen_y=23) >>> Placeholder(name='Placeholder#1', has_focus=True)
set_focus Placeholder(name='Placeholder#1', has_focus=True)
MouseDown(x=26, y=22, delta_x=-1, screen_y=23) >>> Placeholder(name='Placeholder#1', has_focus=True)
set_focus Placeholder(name='Placeholder#1', has_focus=True)
MouseDown(x=20, y=20, delta_x=-6, delta_y=-2, screen_y=21) >>> Placeholder(name='Placeholder#1', has_focus=True)
set_focus Placeholder(name='Placeholder#1', has_focus=True)
MouseDown(x=19, y=20, delta_x=-1, screen_y=21) >>> Placeholder(name='Placeholder#1', has_focus=True)
set_focus Placeholder(name='Placeholder#1', has_focus=True)
MouseDown(x=18, y=20, delta_x=-1, screen_y=21) >>> Placeholder(name='Placeholder#1', has_focus=True)
set_focus Placeholder(name='Placeholder#1', has_focus=True)
MouseDown(x=17, y=20, delta_x=-1, screen_y=21) >>> Placeholder(name='Placeholder#1', has_focus=True)
set_focus Placeholder(name='Placeholder#1', has_focus=True)
MouseDown(x=18, y=20, delta_x=1, screen_y=21) >>> Placeholder(name='Placeholder#1', has_focus=True)
set_focus Placeholder(name='Placeholder#1', has_focus=True)
MouseDown(x=19, y=20, delta_x=1, screen_y=21) >>> Placeholder(name='Placeholder#1', has_focus=True)
set_focus Placeholder(name='Placeholder#1', has_focus=True)
MouseDown(x=20, y=20, delta_x=1, screen_y=21) >>> Placeholder(name='Placeholder#1', has_focus=True)
set_focus Placeholder(name='Placeholder#1', has_focus=True)
MouseDown(x=21, y=20, delta_x=1, screen_y=21) >>> Placeholder(name='Placeholder#1', has_focus=True)
set_focus Placeholder(name='Placeholder#1', has_focus=True)
MouseDown(x=22, y=20, delta_x=1, screen_y=21) >>> Placeholder(name='Placeholder#1', has_focus=True)
set_focus Placeholder(name='Placeholder#1', has_focus=True)
MouseDown(x=23, y=20, delta_x=1, screen_y=21) >>> Placeholder(name='Placeholder#1', has_focus=True)
set_focus Placeholder(name='Placeholder#1', has_focus=True)
MouseDown(x=24, y=20, delta_x=1, screen_y=21) >>> Placeholder(name='Placeholder#1', has_focus=True)
set_focus Placeholder(name='Placeholder#1', has_focus=True)
MouseDown(x=25, y=20, delta_x=1, screen_y=21) >>> Placeholder(name='Placeholder#1', has_focus=True)
set_focus Placeholder(name='Placeholder#1', has_focus=True)
MouseDown(x=26, y=20, delta_x=1, screen_y=21) >>> Placeholder(name='Placeholder#1', has_focus=True)
set_focus Placeholder(name='Placeholder#1', has_focus=True)
MouseDown(x=27, y=20, delta_x=1, screen_y=21) >>> Placeholder(name='Placeholder#1', has_focus=True)
set_focus Static(name='Static#2')
Blur() >>> Placeholder(name='Placeholder#1', has_focus=True)
MouseDown(x=5, y=284, delta_x=9, screen_x=36, screen_y=21) >>> Static(name='Static#2')
set_focus Static(name='Static#2')
MouseDown(x=7, y=284, delta_x=2, screen_x=38, screen_y=21) >>> Static(name='Static#2')
set_focus Static(name='Static#2')
MouseDown(x=6, y=285, delta_x=-1, delta_y=1, screen_x=37, screen_y=22) >>> Static(name='Static#2')
set_focus Static(name='Static#2')
MouseDown(x=5, y=285, delta_x=-1, screen_x=36, screen_y=22) >>> Static(name='Static#2')
set_focus Static(name='Static#2')
MouseDown(x=4, y=285, delta_x=-1, screen_x=35, screen_y=22) >>> Static(name='Static#2')
set_focus Static(name='Static#2')
MouseDown(x=3, y=285, delta_x=-1, screen_x=34, screen_y=22) >>> Static(name='Static#2')
set_focus Static(name='Static#2')
MouseDown(x=2, y=285, delta_x=-1, screen_x=33, screen_y=22) >>> Static(name='Static#2')
set_focus Static(name='Static#2')
MouseDown(x=1, y=285, delta_x=-1, screen_x=32, screen_y=22) >>> Static(name='Static#2')
set_focus Static(name='Static#2')
MouseDown(x=0, y=285, delta_x=-1, screen_x=31, screen_y=22) >>> Static(name='Static#2')
set_focus Placeholder(name='Placeholder#1')
Focus() >>> Placeholder(name='Placeholder#1')
MouseDown(x=21, y=23, delta_x=-9, delta_y=2, screen_y=24) >>> Placeholder(name='Placeholder#1', has_focus=True)
set_focus Placeholder(name='Placeholder#1', has_focus=True)
MouseDown(x=20, y=23, delta_x=-1, screen_y=24) >>> Placeholder(name='Placeholder#1', has_focus=True)
set_focus Placeholder(name='Placeholder#1', has_focus=True)
MouseDown(x=19, y=23, delta_x=-1, screen_y=24) >>> Placeholder(name='Placeholder#1', has_focus=True)
set_focus Placeholder(name='Placeholder#1', has_focus=True)
MouseDown(x=20, y=23, delta_x=1, screen_y=24) >>> Placeholder(name='Placeholder#1', has_focus=True)
set_focus Placeholder(name='Placeholder#1', has_focus=True)
MouseDown(x=21, y=23, delta_x=1, screen_y=24) >>> Placeholder(name='Placeholder#1', has_focus=True)
set_focus Placeholder(name='Placeholder#1', has_focus=True)
MouseDown(x=22, y=23, delta_x=1, screen_y=24) >>> Placeholder(name='Placeholder#1', has_focus=True)
set_focus Placeholder(name='Placeholder#1', has_focus=True)
MouseDown(x=23, y=23, delta_x=1, screen_y=24) >>> Placeholder(name='Placeholder#1', has_focus=True)
set_focus Placeholder(name='Placeholder#1', has_focus=True)
MouseDown(x=24, y=23, delta_x=1, screen_y=24) >>> Placeholder(name='Placeholder#1', has_focus=True)
set_focus Placeholder(name='Placeholder#1', has_focus=True)
MouseDown(x=25, y=23, delta_x=1, screen_y=24) >>> Placeholder(name='Placeholder#1', has_focus=True)
set_focus Placeholder(name='Placeholder#1', has_focus=True)
MouseDown(x=26, y=23, delta_x=1, screen_y=24) >>> Placeholder(name='Placeholder#1', has_focus=True)
set_focus Placeholder(name='Placeholder#1', has_focus=True)
MouseDown(x=27, y=23, delta_x=1, screen_y=24) >>> Placeholder(name='Placeholder#1', has_focus=True)
set_focus Placeholder(name='Placeholder#1', has_focus=True)
MouseDown(x=28, y=23, delta_x=1, screen_y=24) >>> Placeholder(name='Placeholder#1', has_focus=True)
set_focus Placeholder(name='Placeholder#1', has_focus=True)
MouseDown(x=29, y=22, delta_x=1, delta_y=-1, screen_y=23) >>> Placeholder(name='Placeholder#1', has_focus=True)
set_focus Static(name='Static#2')
Blur() >>> Placeholder(name='Placeholder#1', has_focus=True)
MouseDown(x=0, y=286, delta_x=1, screen_x=31, screen_y=23) >>> Static(name='Static#2')
set_focus Static(name='Static#2')
MouseDown(x=1, y=286, delta_x=1, screen_x=32, screen_y=23) >>> Static(name='Static#2')
set_focus Static(name='Static#2')
MouseDown(x=2, y=286, delta_x=1, screen_x=33, screen_y=23) >>> Static(name='Static#2')
set_focus Static(name='Static#2')
MouseDown(x=14, y=285, delta_x=12, delta_y=-1, screen_x=45, screen_y=22) >>> Static(name='Static#2')
set_focus Static(name='Static#2')
MouseDown(x=18, y=284, delta_x=4, delta_y=-1, screen_x=49, screen_y=21) >>> Static(name='Static#2')
set_focus Static(name='Static#2')
MouseDown(x=20, y=284, delta_x=2, screen_x=51, screen_y=21) >>> Static(name='Static#2')
Key(key='b') >>> ScrollView(name='ScrollView#1')
Key(key='b') >>> MyApp(title='Simple App')
ACTION DockView(name='DockView#1') toggle
WindowChange(WindowView(name='WindowView#1')) >>> ScrollView(name='ScrollView#1')
WindowChange(WindowView(name='WindowView#1')) >>> ScrollView(name='ScrollView#1')
WindowChange(WindowView(name='WindowView#1')) >>> ScrollView(name='ScrollView#1')
Key(key='b') >>> ScrollView(name='ScrollView#1')
Key(key='b') >>> MyApp(title='Simple App')
ACTION DockView(name='DockView#1') toggle
WindowChange(WindowView(name='WindowView#1')) >>> ScrollView(name='ScrollView#1')
WindowChange(WindowView(name='WindowView#1')) >>> ScrollView(name='ScrollView#1')
WindowChange(WindowView(name='WindowView#1')) >>> ScrollView(name='ScrollView#1')
Key(key='b') >>> ScrollView(name='ScrollView#1')
Key(key='b') >>> MyApp(title='Simple App')
ACTION DockView(name='DockView#1') toggle
WindowChange(WindowView(name='WindowView#1')) >>> ScrollView(name='ScrollView#1')
WindowChange(WindowView(name='WindowView#1')) >>> ScrollView(name='ScrollView#1')
WindowChange(WindowView(name='WindowView#1')) >>> ScrollView(name='ScrollView#1')
set_focus Static(name='Static#2')
MouseDown(x=50, y=285, delta_y=1, screen_x=51, screen_y=22) >>> Static(name='Static#2')
set_focus Static(name='Static#2')
MouseDown(x=51, y=285, delta_x=1, screen_x=52, screen_y=22) >>> Static(name='Static#2')
set_focus Static(name='Static#2')
MouseDown(x=52, y=285, delta_x=1, screen_x=53, screen_y=22) >>> Static(name='Static#2')
MouseScrollUp() >>> ScrollView(name='ScrollView#1')
set_focus Static(name='Static#2')
MouseDown(x=52, y=287, delta_y=1, screen_x=53, screen_y=23) >>> Static(name='Static#2')
set_focus Static(name='Static#2')
MouseDown(x=51, y=287, delta_x=-1, screen_x=52, screen_y=23) >>> Static(name='Static#2')
set_focus Static(name='Static#2')
MouseDown(x=51, y=288, delta_y=1, screen_x=52, screen_y=24) >>> Static(name='Static#2')
MouseScrollUp() >>> ScrollView(name='ScrollView#1')
set_focus Static(name='Static#2')
MouseDown(x=51, y=291, delta_y=1, screen_x=52, screen_y=25) >>> Static(name='Static#2')
MouseScrollUp() >>> ScrollView(name='ScrollView#1')
set_focus Static(name='Static#2')
MouseDown(x=51, y=294, delta_y=1, screen_x=52, screen_y=26) >>> Static(name='Static#2')
MouseScrollUp() >>> ScrollView(name='ScrollView#1')
MouseScrollUp() >>> ScrollView(name='ScrollView#1')
set_focus Static(name='Static#2')
MouseDown(x=52, y=296, delta_x=1, screen_x=53, screen_y=26) >>> Static(name='Static#2')
set_focus Static(name='Static#2')
MouseDown(x=53, y=296, delta_x=1, screen_x=54, screen_y=26) >>> Static(name='Static#2')
set_focus Static(name='Static#2')
MouseDown(x=53, y=295, delta_y=-1, screen_x=54, screen_y=25) >>> Static(name='Static#2')
set_focus Static(name='Static#2')
MouseDown(x=54, y=295, delta_x=1, screen_x=55, screen_y=25) >>> Static(name='Static#2')
set_focus Static(name='Static#2')
MouseDown(x=55, y=295, delta_x=1, screen_x=56, screen_y=25) >>> Static(name='Static#2')
set_focus Static(name='Static#2')
MouseDown(x=55, y=294, delta_y=-1, screen_x=56, screen_y=24) >>> Static(name='Static#2')
set_focus Static(name='Static#2')
MouseDown(x=56, y=294, delta_x=1, screen_x=57, screen_y=24) >>> Static(name='Static#2')
set_focus Static(name='Static#2')
MouseDown(x=57, y=294, delta_x=1, screen_x=58, screen_y=24) >>> Static(name='Static#2')
set_focus Static(name='Static#2')
MouseDown(x=58, y=294, delta_x=1, screen_x=59, screen_y=24) >>> Static(name='Static#2')
set_focus Static(name='Static#2')
MouseDown(x=59, y=294, delta_x=1, screen_x=60, screen_y=24) >>> Static(name='Static#2')
set_focus Static(name='Static#2')
MouseDown(x=59, y=293, delta_y=-1, screen_x=60, screen_y=23) >>> Static(name='Static#2')
set_focus Static(name='Static#2')
MouseDown(x=60, y=293, delta_x=1, screen_x=61, screen_y=23) >>> Static(name='Static#2')
set_focus Static(name='Static#2')
MouseDown(x=61, y=293, delta_x=1, screen_x=62, screen_y=23) >>> Static(name='Static#2')
set_focus Static(name='Static#2')
MouseDown(x=62, y=293, delta_x=1, screen_x=63, screen_y=23) >>> Static(name='Static#2')
set_focus Static(name='Static#2')
MouseDown(x=63, y=293, delta_x=1, screen_x=64, screen_y=23) >>> Static(name='Static#2')
set_focus Static(name='Static#2')
MouseDown(x=64, y=293, delta_x=1, screen_x=65, screen_y=23) >>> Static(name='Static#2')
set_focus Static(name='Static#2')
MouseDown(x=64, y=292, delta_y=-1, screen_x=65, screen_y=22) >>> Static(name='Static#2')
set_focus Static(name='Static#2')
MouseDown(x=65, y=292, delta_x=1, screen_x=66, screen_y=22) >>> Static(name='Static#2')
set_focus Static(name='Static#2')
MouseDown(x=66, y=292, delta_x=1, screen_x=67, screen_y=22) >>> Static(name='Static#2')
set_focus Static(name='Static#2')
MouseDown(x=67, y=292, delta_x=1, screen_x=68, screen_y=22) >>> Static(name='Static#2')
set_focus Static(name='Static#2')
MouseDown(x=68, y=292, delta_x=1, screen_x=69, screen_y=22) >>> Static(name='Static#2')
set_focus Static(name='Static#2')
MouseDown(x=71, y=291, delta_x=3, delta_y=-1, screen_x=72, screen_y=21) >>> Static(name='Static#2')
set_focus Static(name='Static#2')
MouseDown(x=70, y=291, delta_x=-1, screen_x=71, screen_y=21) >>> Static(name='Static#2')
set_focus Static(name='Static#2')
MouseDown(x=69, y=290, delta_x=-1, delta_y=-1, screen_x=70, screen_y=20) >>> Static(name='Static#2')
set_focus Static(name='Static#2')
MouseDown(x=68, y=290, delta_x=-1, screen_x=69, screen_y=20) >>> Static(name='Static#2')
set_focus Static(name='Static#2')
MouseDown(x=67, y=290, delta_x=-1, screen_x=68, screen_y=20) >>> Static(name='Static#2')
set_focus Static(name='Static#2')
MouseDown(x=66, y=290, delta_x=-1, screen_x=67, screen_y=20) >>> Static(name='Static#2')
set_focus Static(name='Static#2')
MouseDown(x=65, y=289, delta_x=-1, delta_y=-1, screen_x=66, screen_y=19) >>> Static(name='Static#2')
set_focus Static(name='Static#2')
MouseDown(x=64, y=289, delta_x=-1, screen_x=65, screen_y=19) >>> Static(name='Static#2')
set_focus Static(name='Static#2')
MouseDown(x=63, y=289, delta_x=-1, screen_x=64, screen_y=19) >>> Static(name='Static#2')
set_focus Static(name='Static#2')
MouseDown(x=62, y=289, delta_x=-1, screen_x=63, screen_y=19) >>> Static(name='Static#2')
set_focus Static(name='Static#2')
MouseDown(x=61, y=289, delta_x=-1, screen_x=62, screen_y=19) >>> Static(name='Static#2')
set_focus Static(name='Static#2')
MouseDown(x=60, y=289, delta_x=-1, screen_x=61, screen_y=19) >>> Static(name='Static#2')
set_focus Static(name='Static#2')
MouseDown(x=60, y=288, delta_y=-1, screen_x=61, screen_y=18) >>> Static(name='Static#2')
set_focus Static(name='Static#2')
MouseDown(x=59, y=288, delta_x=-1, screen_x=60, screen_y=18) >>> Static(name='Static#2')
set_focus Static(name='Static#2')
MouseDown(x=58, y=288, delta_x=-1, screen_x=59, screen_y=18) >>> Static(name='Static#2')
set_focus Static(name='Static#2')
MouseDown(x=57, y=288, delta_x=-1, screen_x=58, screen_y=18) >>> Static(name='Static#2')
set_focus Static(name='Static#2')
MouseDown(x=56, y=288, delta_x=-1, screen_x=57, screen_y=18) >>> Static(name='Static#2')
set_focus Static(name='Static#2')
MouseDown(x=56, y=287, delta_y=-1, screen_x=57, screen_y=17) >>> Static(name='Static#2')
set_focus Static(name='Static#2')
MouseDown(x=55, y=287, delta_x=-1, screen_x=56, screen_y=17) >>> Static(name='Static#2')
set_focus Static(name='Static#2')
MouseDown(x=55, y=288, delta_y=1, screen_x=56, screen_y=18) >>> Static(name='Static#2')
set_focus Static(name='Static#2')
MouseDown(x=56, y=288, delta_x=1, screen_x=57, screen_y=18) >>> Static(name='Static#2')
set_focus Static(name='Static#2')
MouseDown(x=56, y=289, delta_y=1, screen_x=57, screen_y=19) >>> Static(name='Static#2')
set_focus Static(name='Static#2')
MouseDown(x=56, y=290, delta_y=1, screen_x=57, screen_y=20) >>> Static(name='Static#2')
set_focus Static(name='Static#2')
MouseDown(x=56, y=292, delta_y=2, screen_x=57, screen_y=22) >>> Static(name='Static#2')
set_focus Static(name='Static#2')
MouseDown(x=55, y=292, delta_x=-1, screen_x=56, screen_y=22) >>> Static(name='Static#2')
set_focus Static(name='Static#2')
MouseDown(x=55, y=293, delta_y=1, screen_x=56, screen_y=23) >>> Static(name='Static#2')
set_focus Static(name='Static#2')
MouseDown(x=54, y=293, delta_x=-1, screen_x=55, screen_y=23) >>> Static(name='Static#2')
set_focus Static(name='Static#2')
MouseDown(x=53, y=293, delta_x=-1, screen_x=54, screen_y=23) >>> Static(name='Static#2')
set_focus Static(name='Static#2')
MouseDown(x=53, y=294, delta_y=1, screen_x=54, screen_y=24) >>> Static(name='Static#2')
set_focus Static(name='Static#2')
MouseDown(x=52, y=294, delta_x=-1, screen_x=53, screen_y=24) >>> Static(name='Static#2')
set_focus Static(name='Static#2')
MouseDown(x=51, y=294, delta_x=-1, screen_x=52, screen_y=24) >>> Static(name='Static#2')
set_focus Static(name='Static#2')
MouseDown(x=50, y=294, delta_x=-1, screen_x=51, screen_y=24) >>> Static(name='Static#2')
set_focus Static(name='Static#2')
MouseDown(x=49, y=294, delta_x=-1, screen_x=50, screen_y=24) >>> Static(name='Static#2')
set_focus Static(name='Static#2')
MouseDown(x=49, y=295, delta_y=1, screen_x=50, screen_y=25) >>> Static(name='Static#2')
set_focus Static(name='Static#2')
MouseDown(x=48, y=295, delta_x=-1, screen_x=49, screen_y=25) >>> Static(name='Static#2')
set_focus Static(name='Static#2')
MouseDown(x=47, y=295, delta_x=-1, screen_x=48, screen_y=25) >>> Static(name='Static#2')
set_focus Static(name='Static#2')
MouseDown(x=46, y=295, delta_x=-1, screen_x=47, screen_y=25) >>> Static(name='Static#2')
set_focus Static(name='Static#2')
MouseDown(x=45, y=295, delta_x=-1, screen_x=46, screen_y=25) >>> Static(name='Static#2')
set_focus Static(name='Static#2')
MouseDown(x=44, y=295, delta_x=-1, screen_x=45, screen_y=25) >>> Static(name='Static#2')
set_focus Static(name='Static#2')
MouseDown(x=43, y=295, delta_x=-1, screen_x=44, screen_y=25) >>> Static(name='Static#2')
set_focus Static(name='Static#2')
MouseDown(x=42, y=296, delta_x=-1, delta_y=1, screen_x=43, screen_y=26) >>> Static(name='Static#2')
set_focus Static(name='Static#2')
MouseDown(x=41, y=296, delta_x=-1, screen_x=42, screen_y=26) >>> Static(name='Static#2')
set_focus Static(name='Static#2')
MouseDown(x=40, y=296, delta_x=-1, screen_x=41, screen_y=26) >>> Static(name='Static#2')
set_focus Static(name='Static#2')
MouseDown(x=39, y=296, delta_x=-1, screen_x=40, screen_y=26) >>> Static(name='Static#2')
set_focus Static(name='Static#2')
MouseDown(x=38, y=296, delta_x=-1, screen_x=39, screen_y=26) >>> Static(name='Static#2')
set_focus Static(name='Static#2')
MouseDown(x=37, y=296, delta_x=-1, screen_x=38, screen_y=26) >>> Static(name='Static#2')
set_focus Static(name='Static#2')
MouseDown(x=36, y=296, delta_x=-1, screen_x=37, screen_y=26) >>> Static(name='Static#2')
set_focus Static(name='Static#2')
MouseDown(x=35, y=296, delta_x=-1, screen_x=36, screen_y=26) >>> Static(name='Static#2')
set_focus Static(name='Static#2')
MouseDown(x=35, y=297, delta_y=1, screen_x=36, screen_y=27) >>> Static(name='Static#2')
set_focus Static(name='Static#2')
MouseDown(x=34, y=297, delta_x=-1, screen_x=35, screen_y=27) >>> Static(name='Static#2')
set_focus Static(name='Static#2')
MouseDown(x=33, y=297, delta_x=-1, screen_x=34, screen_y=27) >>> Static(name='Static#2')
set_focus Static(name='Static#2')
MouseDown(x=32, y=297, delta_x=-1, screen_x=33, screen_y=27) >>> Static(name='Static#2')
set_focus Static(name='Static#2')
MouseDown(x=31, y=297, delta_x=-1, screen_x=32, screen_y=27) >>> Static(name='Static#2')
set_focus Static(name='Static#2')
MouseDown(x=30, y=297, delta_x=-1, screen_x=31, screen_y=27) >>> Static(name='Static#2')
set_focus Static(name='Static#2')
MouseDown(x=29, y=297, delta_x=-1, screen_x=30, screen_y=27) >>> Static(name='Static#2')
set_focus Static(name='Static#2')
MouseDown(x=28, y=297, delta_x=-1, screen_x=29, screen_y=27) >>> Static(name='Static#2')
set_focus Static(name='Static#2')
MouseDown(x=27, y=297, delta_x=-1, screen_x=28, screen_y=27) >>> Static(name='Static#2')
set_focus Static(name='Static#2')
MouseDown(x=26, y=297, delta_x=-1, screen_x=27, screen_y=27) >>> Static(name='Static#2')
set_focus Static(name='Static#2')
MouseDown(x=25, y=297, delta_x=-1, screen_x=26, screen_y=27) >>> Static(name='Static#2')
set_focus Static(name='Static#2')
MouseDown(x=25, y=298, delta_y=1, screen_x=26, screen_y=28) >>> Static(name='Static#2')
set_focus Static(name='Static#2')
MouseDown(x=24, y=298, delta_x=-1, screen_x=25, screen_y=28) >>> Static(name='Static#2')
set_focus Static(name='Static#2')
MouseDown(x=23, y=298, delta_x=-1, screen_x=24, screen_y=28) >>> Static(name='Static#2')
set_focus Footer(keys=[])
MouseDown(x=24, y=0, delta_y=1, screen_y=29) >>> Footer(keys=[])
set_focus Footer(keys=[])
MouseDown(x=23, y=0, delta_x=-1, screen_y=29) >>> Footer(keys=[])
set_focus Footer(keys=[])
MouseDown(x=22, y=0, delta_x=-1, screen_y=29) >>> Footer(keys=[])
